
*** Running vivado
    with args -log dft8_axi_top.vds -m64 -product Vivado -mode batch -messageDb vivado.pb -notrace -source dft8_axi_top.tcl


****** Vivado v2018.2.2 (64-bit)
  **** SW Build 2348494 on Mon Oct  1 18:25:44 MDT 2018
  **** IP Build 2318053 on Mon Oct  1 21:44:26 MDT 2018
    ** Copyright 1986-2018 Xilinx, Inc. All Rights Reserved.

source dft8_axi_top.tcl -notrace
Command: synth_design -top dft8_axi_top -part xc7a200tfbg484-2L
Starting synth_design
Attempting to get a license for feature 'Synthesis' and/or device 'xc7a200t'
INFO: [Common 17-349] Got license for feature 'Synthesis' and/or device 'xc7a200t'
INFO: Launching helper process for spawning children vivado processes
INFO: Helper process launched with PID 4188 
---------------------------------------------------------------------------------
Starting RTL Elaboration : Time (s): cpu = 00:00:03 ; elapsed = 00:00:03 . Memory (MB): peak = 409.785 ; gain = 96.371
---------------------------------------------------------------------------------
INFO: [Synth 8-6157] synthesizing module 'dft8_axi_top' [C:/Users/12430/Desktop/ai_verilog_auto_tools/outputs/dft8_axi/src/dft8_axi_top.sv:5]
	Parameter CTRL_IDX bound to: 5'b10000 
	Parameter OUT_BASE bound to: 5'b11000 
INFO: [Synth 8-6155] done synthesizing module 'dft8_axi_top' (1#1) [C:/Users/12430/Desktop/ai_verilog_auto_tools/outputs/dft8_axi/src/dft8_axi_top.sv:5]
WARNING: [Synth 8-3917] design dft8_axi_top has port s_axil_awready driven by constant 1
WARNING: [Synth 8-3917] design dft8_axi_top has port s_axil_wready driven by constant 1
WARNING: [Synth 8-3917] design dft8_axi_top has port s_axil_bresp[1] driven by constant 0
WARNING: [Synth 8-3917] design dft8_axi_top has port s_axil_bresp[0] driven by constant 0
WARNING: [Synth 8-3917] design dft8_axi_top has port s_axil_arready driven by constant 1
WARNING: [Synth 8-3917] design dft8_axi_top has port s_axil_rresp[1] driven by constant 0
WARNING: [Synth 8-3917] design dft8_axi_top has port s_axil_rresp[0] driven by constant 0
WARNING: [Synth 8-3331] design dft8_axi_top has unconnected port s_axil_awaddr[1]
WARNING: [Synth 8-3331] design dft8_axi_top has unconnected port s_axil_awaddr[0]
WARNING: [Synth 8-3331] design dft8_axi_top has unconnected port s_axil_araddr[1]
WARNING: [Synth 8-3331] design dft8_axi_top has unconnected port s_axil_araddr[0]
---------------------------------------------------------------------------------
Finished RTL Elaboration : Time (s): cpu = 00:00:04 ; elapsed = 00:00:04 . Memory (MB): peak = 466.711 ; gain = 153.297
---------------------------------------------------------------------------------

Report Check Netlist: 
+------+------------------+-------+---------+-------+------------------+
|      |Item              |Errors |Warnings |Status |Description       |
+------+------------------+-------+---------+-------+------------------+
|1     |multi_driven_nets |      0|        0|Passed |Multi driven nets |
+------+------------------+-------+---------+-------+------------------+
---------------------------------------------------------------------------------
Start Handling Custom Attributes
---------------------------------------------------------------------------------
---------------------------------------------------------------------------------
Finished Handling Custom Attributes : Time (s): cpu = 00:00:04 ; elapsed = 00:00:04 . Memory (MB): peak = 466.711 ; gain = 153.297
---------------------------------------------------------------------------------
---------------------------------------------------------------------------------
Finished RTL Optimization Phase 1 : Time (s): cpu = 00:00:04 ; elapsed = 00:00:04 . Memory (MB): peak = 466.711 ; gain = 153.297
---------------------------------------------------------------------------------
INFO: [Device 21-403] Loading part xc7a200tfbg484-2L
INFO: [Project 1-570] Preparing netlist for logic optimization

Processing XDC Constraints
Initializing timing engine
Parsing XDC File [C:/Users/12430/Desktop/ai_verilog_auto_tools/outputs/dft8_axi/constraints.xdc]
Finished Parsing XDC File [C:/Users/12430/Desktop/ai_verilog_auto_tools/outputs/dft8_axi/constraints.xdc]
Completed Processing XDC Constraints

INFO: [Project 1-111] Unisim Transformation Summary:
No Unisim elements were transformed.

Constraint Validation Runtime : Time (s): cpu = 00:00:00 ; elapsed = 00:00:00.029 . Memory (MB): peak = 871.078 ; gain = 0.199
---------------------------------------------------------------------------------
Finished Constraint Validation : Time (s): cpu = 00:00:19 ; elapsed = 00:00:22 . Memory (MB): peak = 871.078 ; gain = 557.664
---------------------------------------------------------------------------------
---------------------------------------------------------------------------------
Start Loading Part and Timing Information
---------------------------------------------------------------------------------
Loading part: xc7a200tfbg484-2L
---------------------------------------------------------------------------------
Finished Loading Part and Timing Information : Time (s): cpu = 00:00:19 ; elapsed = 00:00:22 . Memory (MB): peak = 871.078 ; gain = 557.664
---------------------------------------------------------------------------------
---------------------------------------------------------------------------------
Start Applying 'set_property' XDC Constraints
---------------------------------------------------------------------------------
---------------------------------------------------------------------------------
Finished applying 'set_property' XDC Constraints : Time (s): cpu = 00:00:20 ; elapsed = 00:00:22 . Memory (MB): peak = 871.078 ; gain = 557.664
---------------------------------------------------------------------------------
INFO: [Synth 8-5546] ROM "start_req" won't be mapped to RAM because it is too sparse
INFO: [Synth 8-5544] ROM "state" won't be mapped to Block RAM because address size (3) smaller than threshold (5)
INFO: [Synth 8-5544] ROM "k_idx" won't be mapped to Block RAM because address size (3) smaller than threshold (5)
INFO: [Synth 8-5546] ROM "regs_reg[0]" won't be mapped to RAM because it is too sparse
INFO: [Synth 8-5546] ROM "regs_reg[1]" won't be mapped to RAM because it is too sparse
INFO: [Synth 8-5546] ROM "regs_reg[2]" won't be mapped to RAM because it is too sparse
INFO: [Synth 8-5546] ROM "regs_reg[3]" won't be mapped to RAM because it is too sparse
INFO: [Synth 8-5546] ROM "regs_reg[4]" won't be mapped to RAM because it is too sparse
INFO: [Synth 8-5546] ROM "regs_reg[5]" won't be mapped to RAM because it is too sparse
INFO: [Synth 8-5546] ROM "regs_reg[6]" won't be mapped to RAM because it is too sparse
INFO: [Synth 8-5546] ROM "regs_reg[7]" won't be mapped to RAM because it is too sparse
INFO: [Synth 8-5546] ROM "regs_reg[8]" won't be mapped to RAM because it is too sparse
INFO: [Synth 8-5546] ROM "regs_reg[9]" won't be mapped to RAM because it is too sparse
INFO: [Synth 8-5546] ROM "regs_reg[10]" won't be mapped to RAM because it is too sparse
INFO: [Synth 8-5546] ROM "regs_reg[11]" won't be mapped to RAM because it is too sparse
INFO: [Synth 8-5546] ROM "regs_reg[12]" won't be mapped to RAM because it is too sparse
INFO: [Synth 8-5546] ROM "regs_reg[13]" won't be mapped to RAM because it is too sparse
INFO: [Synth 8-5546] ROM "regs_reg[14]" won't be mapped to RAM because it is too sparse
INFO: [Synth 8-5546] ROM "regs_reg[15]" won't be mapped to RAM because it is too sparse
INFO: [Synth 8-5546] ROM "regs_reg[16]" won't be mapped to RAM because it is too sparse
INFO: [Synth 8-5546] ROM "regs_reg[17]" won't be mapped to RAM because it is too sparse
INFO: [Synth 8-5546] ROM "regs_reg[18]" won't be mapped to RAM because it is too sparse
INFO: [Synth 8-5546] ROM "regs_reg[19]" won't be mapped to RAM because it is too sparse
INFO: [Synth 8-5546] ROM "regs_reg[20]" won't be mapped to RAM because it is too sparse
INFO: [Synth 8-5546] ROM "regs_reg[21]" won't be mapped to RAM because it is too sparse
INFO: [Synth 8-5546] ROM "regs_reg[22]" won't be mapped to RAM because it is too sparse
INFO: [Synth 8-5546] ROM "regs_reg[23]" won't be mapped to RAM because it is too sparse
INFO: [Synth 8-5546] ROM "regs_reg[24]" won't be mapped to RAM because it is too sparse
INFO: [Synth 8-5546] ROM "regs_reg[25]" won't be mapped to RAM because it is too sparse
INFO: [Synth 8-5546] ROM "regs_reg[26]" won't be mapped to RAM because it is too sparse
INFO: [Synth 8-5546] ROM "regs_reg[27]" won't be mapped to RAM because it is too sparse
INFO: [Synth 8-5546] ROM "regs_reg[28]" won't be mapped to RAM because it is too sparse
INFO: [Synth 8-5546] ROM "regs_reg[29]" won't be mapped to RAM because it is too sparse
INFO: [Synth 8-5546] ROM "regs_reg[30]" won't be mapped to RAM because it is too sparse
INFO: [Synth 8-5546] ROM "regs_reg[31]" won't be mapped to RAM because it is too sparse
INFO: [Synth 8-5546] ROM "start_req" won't be mapped to RAM because it is too sparse
INFO: [Synth 8-5544] ROM "state" won't be mapped to Block RAM because address size (1) smaller than threshold (5)
INFO: [Synth 8-5544] ROM "k_idx" won't be mapped to Block RAM because address size (1) smaller than threshold (5)
INFO: [Synth 8-5546] ROM "regs_reg[0]" won't be mapped to RAM because it is too sparse
INFO: [Synth 8-5546] ROM "regs_reg[1]" won't be mapped to RAM because it is too sparse
INFO: [Synth 8-5546] ROM "regs_reg[2]" won't be mapped to RAM because it is too sparse
INFO: [Synth 8-5546] ROM "regs_reg[3]" won't be mapped to RAM because it is too sparse
INFO: [Synth 8-5546] ROM "regs_reg[4]" won't be mapped to RAM because it is too sparse
INFO: [Synth 8-5546] ROM "regs_reg[5]" won't be mapped to RAM because it is too sparse
INFO: [Synth 8-5546] ROM "regs_reg[6]" won't be mapped to RAM because it is too sparse
INFO: [Synth 8-5546] ROM "regs_reg[7]" won't be mapped to RAM because it is too sparse
INFO: [Synth 8-5546] ROM "regs_reg[8]" won't be mapped to RAM because it is too sparse
INFO: [Synth 8-5546] ROM "regs_reg[9]" won't be mapped to RAM because it is too sparse
INFO: [Synth 8-5546] ROM "regs_reg[10]" won't be mapped to RAM because it is too sparse
INFO: [Synth 8-5546] ROM "regs_reg[11]" won't be mapped to RAM because it is too sparse
INFO: [Synth 8-5546] ROM "regs_reg[12]" won't be mapped to RAM because it is too sparse
INFO: [Synth 8-5546] ROM "regs_reg[13]" won't be mapped to RAM because it is too sparse
INFO: [Synth 8-5546] ROM "regs_reg[14]" won't be mapped to RAM because it is too sparse
INFO: [Synth 8-5546] ROM "regs_reg[15]" won't be mapped to RAM because it is too sparse
INFO: [Synth 8-5546] ROM "regs_reg[16]" won't be mapped to RAM because it is too sparse
INFO: [Synth 8-5546] ROM "regs_reg[17]" won't be mapped to RAM because it is too sparse
INFO: [Synth 8-5546] ROM "regs_reg[18]" won't be mapped to RAM because it is too sparse
INFO: [Synth 8-5546] ROM "regs_reg[19]" won't be mapped to RAM because it is too sparse
INFO: [Synth 8-5546] ROM "regs_reg[20]" won't be mapped to RAM because it is too sparse
INFO: [Synth 8-5546] ROM "regs_reg[21]" won't be mapped to RAM because it is too sparse
INFO: [Synth 8-5546] ROM "regs_reg[22]" won't be mapped to RAM because it is too sparse
INFO: [Synth 8-5546] ROM "regs_reg[23]" won't be mapped to RAM because it is too sparse
INFO: [Synth 8-5546] ROM "regs_reg[24]" won't be mapped to RAM because it is too sparse
INFO: [Synth 8-5546] ROM "regs_reg[25]" won't be mapped to RAM because it is too sparse
INFO: [Synth 8-5546] ROM "regs_reg[26]" won't be mapped to RAM because it is too sparse
INFO: [Synth 8-5546] ROM "regs_reg[27]" won't be mapped to RAM because it is too sparse
INFO: [Synth 8-5546] ROM "regs_reg[28]" won't be mapped to RAM because it is too sparse
INFO: [Synth 8-5546] ROM "regs_reg[29]" won't be mapped to RAM because it is too sparse
INFO: [Synth 8-5546] ROM "regs_reg[30]" won't be mapped to RAM because it is too sparse
INFO: [Synth 8-5546] ROM "regs_reg[31]" won't be mapped to RAM because it is too sparse
INFO: [Synth 8-5544] ROM "state" won't be mapped to Block RAM because address size (2) smaller than threshold (5)
---------------------------------------------------------------------------------
Finished RTL Optimization Phase 2 : Time (s): cpu = 00:00:21 ; elapsed = 00:00:24 . Memory (MB): peak = 871.078 ; gain = 557.664
---------------------------------------------------------------------------------

Report RTL Partitions: 
+-+--------------+------------+----------+
| |RTL Partition |Replication |Instances |
+-+--------------+------------+----------+
+-+--------------+------------+----------+
---------------------------------------------------------------------------------
Start RTL Component Statistics 
---------------------------------------------------------------------------------
Detailed RTL Component Info : 
+---Adders : 
	   2 Input     40 Bit       Adders := 2     
	   2 Input      3 Bit       Adders := 2     
+---Registers : 
	               40 Bit    Registers := 2     
	               32 Bit    Registers := 33    
	                3 Bit    Registers := 2     
	                2 Bit    Registers := 1     
	                1 Bit    Registers := 4     
+---Muxes : 
	   2 Input     40 Bit        Muxes := 6     
	   2 Input     32 Bit        Muxes := 83    
	  33 Input     32 Bit        Muxes := 1     
	   8 Input     16 Bit        Muxes := 1     
	   7 Input     16 Bit        Muxes := 1     
	   2 Input      8 Bit        Muxes := 160   
	   2 Input      3 Bit        Muxes := 5     
	   2 Input      1 Bit        Muxes := 21    
	   5 Input      1 Bit        Muxes := 1     
---------------------------------------------------------------------------------
Finished RTL Component Statistics 
---------------------------------------------------------------------------------
---------------------------------------------------------------------------------
Start RTL Hierarchical Component Statistics 
---------------------------------------------------------------------------------
Hierarchical RTL Component report 
Module dft8_axi_top 
Detailed RTL Component Info : 
+---Adders : 
	   2 Input     40 Bit       Adders := 2     
	   2 Input      3 Bit       Adders := 2     
+---Registers : 
	               40 Bit    Registers := 2     
	               32 Bit    Registers := 33    
	                3 Bit    Registers := 2     
	                2 Bit    Registers := 1     
	                1 Bit    Registers := 4     
+---Muxes : 
	   2 Input     40 Bit        Muxes := 6     
	   2 Input     32 Bit        Muxes := 83    
	  33 Input     32 Bit        Muxes := 1     
	   8 Input     16 Bit        Muxes := 1     
	   7 Input     16 Bit        Muxes := 1     
	   2 Input      8 Bit        Muxes := 160   
	   2 Input      3 Bit        Muxes := 5     
	   2 Input      1 Bit        Muxes := 21    
	   5 Input      1 Bit        Muxes := 1     
---------------------------------------------------------------------------------
Finished RTL Hierarchical Component Statistics
---------------------------------------------------------------------------------
---------------------------------------------------------------------------------
Start Part Resource Summary
---------------------------------------------------------------------------------
Part Resources:
DSPs: 740 (col length:100)
BRAMs: 730 (col length: RAMB18 100 RAMB36 50)
---------------------------------------------------------------------------------
Finished Part Resource Summary
---------------------------------------------------------------------------------
---------------------------------------------------------------------------------
Start Cross Boundary and Area Optimization
---------------------------------------------------------------------------------
Warning: Parallel synthesis criteria is not met 
INFO: [Synth 8-5546] ROM "regs_reg[0]" won't be mapped to RAM because it is too sparse
INFO: [Synth 8-5546] ROM "regs_reg[1]" won't be mapped to RAM because it is too sparse
INFO: [Synth 8-5546] ROM "regs_reg[2]" won't be mapped to RAM because it is too sparse
INFO: [Synth 8-5546] ROM "regs_reg[3]" won't be mapped to RAM because it is too sparse
INFO: [Synth 8-5546] ROM "regs_reg[4]" won't be mapped to RAM because it is too sparse
INFO: [Synth 8-5546] ROM "regs_reg[5]" won't be mapped to RAM because it is too sparse
INFO: [Synth 8-5546] ROM "regs_reg[6]" won't be mapped to RAM because it is too sparse
INFO: [Synth 8-5546] ROM "regs_reg[7]" won't be mapped to RAM because it is too sparse
INFO: [Synth 8-5546] ROM "regs_reg[8]" won't be mapped to RAM because it is too sparse
INFO: [Synth 8-5546] ROM "regs_reg[9]" won't be mapped to RAM because it is too sparse
INFO: [Synth 8-5546] ROM "regs_reg[10]" won't be mapped to RAM because it is too sparse
INFO: [Synth 8-5546] ROM "regs_reg[11]" won't be mapped to RAM because it is too sparse
INFO: [Synth 8-5546] ROM "regs_reg[12]" won't be mapped to RAM because it is too sparse
INFO: [Synth 8-5546] ROM "regs_reg[13]" won't be mapped to RAM because it is too sparse
INFO: [Synth 8-5546] ROM "regs_reg[14]" won't be mapped to RAM because it is too sparse
INFO: [Synth 8-5546] ROM "regs_reg[15]" won't be mapped to RAM because it is too sparse
INFO: [Synth 8-5546] ROM "regs_reg[16]" won't be mapped to RAM because it is too sparse
INFO: [Synth 8-5546] ROM "regs_reg[17]" won't be mapped to RAM because it is too sparse
INFO: [Synth 8-5546] ROM "regs_reg[18]" won't be mapped to RAM because it is too sparse
INFO: [Synth 8-5546] ROM "regs_reg[19]" won't be mapped to RAM because it is too sparse
INFO: [Synth 8-5546] ROM "regs_reg[20]" won't be mapped to RAM because it is too sparse
INFO: [Synth 8-5546] ROM "regs_reg[21]" won't be mapped to RAM because it is too sparse
INFO: [Synth 8-5546] ROM "regs_reg[22]" won't be mapped to RAM because it is too sparse
INFO: [Synth 8-5546] ROM "regs_reg[23]" won't be mapped to RAM because it is too sparse
INFO: [Synth 8-5546] ROM "regs_reg[24]" won't be mapped to RAM because it is too sparse
INFO: [Synth 8-5546] ROM "regs_reg[25]" won't be mapped to RAM because it is too sparse
INFO: [Synth 8-5546] ROM "regs_reg[26]" won't be mapped to RAM because it is too sparse
INFO: [Synth 8-5546] ROM "regs_reg[27]" won't be mapped to RAM because it is too sparse
INFO: [Synth 8-5546] ROM "regs_reg[28]" won't be mapped to RAM because it is too sparse
INFO: [Synth 8-5546] ROM "regs_reg[29]" won't be mapped to RAM because it is too sparse
INFO: [Synth 8-5546] ROM "regs_reg[30]" won't be mapped to RAM because it is too sparse
INFO: [Synth 8-5546] ROM "regs_reg[31]" won't be mapped to RAM because it is too sparse
DSP Report: Generating DSP ac, operation Mode is: A*B.
DSP Report: operator ac is absorbed into DSP ac.
DSP Report: Generating DSP m_r, operation Mode is: PCIN-A*B.
DSP Report: operator m_r is absorbed into DSP m_r.
DSP Report: operator bd is absorbed into DSP m_r.
DSP Report: Generating DSP ad, operation Mode is: A*B.
DSP Report: operator ad is absorbed into DSP ad.
DSP Report: Generating DSP m_i, operation Mode is: PCIN+A*B.
DSP Report: operator m_i is absorbed into DSP m_i.
DSP Report: operator bc is absorbed into DSP m_i.
WARNING: [Synth 8-3917] design dft8_axi_top has port s_axil_awready driven by constant 1
WARNING: [Synth 8-3917] design dft8_axi_top has port s_axil_wready driven by constant 1
WARNING: [Synth 8-3917] design dft8_axi_top has port s_axil_bresp[1] driven by constant 0
WARNING: [Synth 8-3917] design dft8_axi_top has port s_axil_bresp[0] driven by constant 0
WARNING: [Synth 8-3917] design dft8_axi_top has port s_axil_arready driven by constant 1
WARNING: [Synth 8-3917] design dft8_axi_top has port s_axil_rresp[1] driven by constant 0
WARNING: [Synth 8-3917] design dft8_axi_top has port s_axil_rresp[0] driven by constant 0
WARNING: [Synth 8-3331] design dft8_axi_top has unconnected port s_axil_awaddr[1]
WARNING: [Synth 8-3331] design dft8_axi_top has unconnected port s_axil_awaddr[0]
WARNING: [Synth 8-3331] design dft8_axi_top has unconnected port s_axil_araddr[1]
WARNING: [Synth 8-3331] design dft8_axi_top has unconnected port s_axil_araddr[0]
INFO: [Synth 8-3333] propagating constant 0 across sequential element (\state_reg[1] )
WARNING: [Synth 8-3332] Sequential element (state_reg[1]) is unused and will be removed from module dft8_axi_top.
WARNING: [Synth 8-3332] Sequential element (regs_reg[16][31]) is unused and will be removed from module dft8_axi_top.
WARNING: [Synth 8-3332] Sequential element (regs_reg[16][30]) is unused and will be removed from module dft8_axi_top.
WARNING: [Synth 8-3332] Sequential element (regs_reg[16][29]) is unused and will be removed from module dft8_axi_top.
WARNING: [Synth 8-3332] Sequential element (regs_reg[16][28]) is unused and will be removed from module dft8_axi_top.
WARNING: [Synth 8-3332] Sequential element (regs_reg[16][27]) is unused and will be removed from module dft8_axi_top.
WARNING: [Synth 8-3332] Sequential element (regs_reg[16][26]) is unused and will be removed from module dft8_axi_top.
WARNING: [Synth 8-3332] Sequential element (regs_reg[16][25]) is unused and will be removed from module dft8_axi_top.
WARNING: [Synth 8-3332] Sequential element (regs_reg[16][24]) is unused and will be removed from module dft8_axi_top.
WARNING: [Synth 8-3332] Sequential element (regs_reg[16][23]) is unused and will be removed from module dft8_axi_top.
WARNING: [Synth 8-3332] Sequential element (regs_reg[16][22]) is unused and will be removed from module dft8_axi_top.
WARNING: [Synth 8-3332] Sequential element (regs_reg[16][21]) is unused and will be removed from module dft8_axi_top.
WARNING: [Synth 8-3332] Sequential element (regs_reg[16][20]) is unused and will be removed from module dft8_axi_top.
WARNING: [Synth 8-3332] Sequential element (regs_reg[16][19]) is unused and will be removed from module dft8_axi_top.
WARNING: [Synth 8-3332] Sequential element (regs_reg[16][18]) is unused and will be removed from module dft8_axi_top.
WARNING: [Synth 8-3332] Sequential element (regs_reg[16][17]) is unused and will be removed from module dft8_axi_top.
WARNING: [Synth 8-3332] Sequential element (regs_reg[16][16]) is unused and will be removed from module dft8_axi_top.
WARNING: [Synth 8-3332] Sequential element (regs_reg[16][15]) is unused and will be removed from module dft8_axi_top.
WARNING: [Synth 8-3332] Sequential element (regs_reg[16][14]) is unused and will be removed from module dft8_axi_top.
WARNING: [Synth 8-3332] Sequential element (regs_reg[16][13]) is unused and will be removed from module dft8_axi_top.
WARNING: [Synth 8-3332] Sequential element (regs_reg[16][12]) is unused and will be removed from module dft8_axi_top.
WARNING: [Synth 8-3332] Sequential element (regs_reg[16][11]) is unused and will be removed from module dft8_axi_top.
WARNING: [Synth 8-3332] Sequential element (regs_reg[16][10]) is unused and will be removed from module dft8_axi_top.
WARNING: [Synth 8-3332] Sequential element (regs_reg[16][9]) is unused and will be removed from module dft8_axi_top.
WARNING: [Synth 8-3332] Sequential element (regs_reg[16][8]) is unused and will be removed from module dft8_axi_top.
WARNING: [Synth 8-3332] Sequential element (regs_reg[16][7]) is unused and will be removed from module dft8_axi_top.
WARNING: [Synth 8-3332] Sequential element (regs_reg[16][6]) is unused and will be removed from module dft8_axi_top.
WARNING: [Synth 8-3332] Sequential element (regs_reg[16][5]) is unused and will be removed from module dft8_axi_top.
WARNING: [Synth 8-3332] Sequential element (regs_reg[16][4]) is unused and will be removed from module dft8_axi_top.
WARNING: [Synth 8-3332] Sequential element (regs_reg[16][3]) is unused and will be removed from module dft8_axi_top.
WARNING: [Synth 8-3332] Sequential element (regs_reg[16][2]) is unused and will be removed from module dft8_axi_top.
WARNING: [Synth 8-3332] Sequential element (regs_reg[16][1]) is unused and will be removed from module dft8_axi_top.
WARNING: [Synth 8-3332] Sequential element (regs_reg[16][0]) is unused and will be removed from module dft8_axi_top.
WARNING: [Synth 8-3332] Sequential element (acc_r_reg[39]) is unused and will be removed from module dft8_axi_top.
WARNING: [Synth 8-3332] Sequential element (acc_r_reg[38]) is unused and will be removed from module dft8_axi_top.
WARNING: [Synth 8-3332] Sequential element (acc_r_reg[37]) is unused and will be removed from module dft8_axi_top.
WARNING: [Synth 8-3332] Sequential element (acc_r_reg[36]) is unused and will be removed from module dft8_axi_top.
WARNING: [Synth 8-3332] Sequential element (acc_r_reg[35]) is unused and will be removed from module dft8_axi_top.
WARNING: [Synth 8-3332] Sequential element (acc_r_reg[34]) is unused and will be removed from module dft8_axi_top.
WARNING: [Synth 8-3332] Sequential element (acc_r_reg[33]) is unused and will be removed from module dft8_axi_top.
WARNING: [Synth 8-3332] Sequential element (acc_r_reg[32]) is unused and will be removed from module dft8_axi_top.
WARNING: [Synth 8-3332] Sequential element (acc_r_reg[31]) is unused and will be removed from module dft8_axi_top.
WARNING: [Synth 8-3332] Sequential element (acc_i_reg[39]) is unused and will be removed from module dft8_axi_top.
WARNING: [Synth 8-3332] Sequential element (acc_i_reg[38]) is unused and will be removed from module dft8_axi_top.
WARNING: [Synth 8-3332] Sequential element (acc_i_reg[37]) is unused and will be removed from module dft8_axi_top.
WARNING: [Synth 8-3332] Sequential element (acc_i_reg[36]) is unused and will be removed from module dft8_axi_top.
WARNING: [Synth 8-3332] Sequential element (acc_i_reg[35]) is unused and will be removed from module dft8_axi_top.
WARNING: [Synth 8-3332] Sequential element (acc_i_reg[34]) is unused and will be removed from module dft8_axi_top.
WARNING: [Synth 8-3332] Sequential element (acc_i_reg[33]) is unused and will be removed from module dft8_axi_top.
WARNING: [Synth 8-3332] Sequential element (acc_i_reg[32]) is unused and will be removed from module dft8_axi_top.
WARNING: [Synth 8-3332] Sequential element (acc_i_reg[31]) is unused and will be removed from module dft8_axi_top.
---------------------------------------------------------------------------------
Finished Cross Boundary and Area Optimization : Time (s): cpu = 00:00:30 ; elapsed = 00:00:33 . Memory (MB): peak = 871.078 ; gain = 557.664
---------------------------------------------------------------------------------
---------------------------------------------------------------------------------
Start ROM, RAM, DSP and Shift Register Reporting
---------------------------------------------------------------------------------

DSP: Preliminary Mapping  Report (see note below)
+-------------+-------------+--------+--------+--------+--------+--------+------+------+------+------+-------+------+------+
|Module Name  | DSP Mapping | A Size | B Size | C Size | D Size | P Size | AREG | BREG | CREG | DREG | ADREG | MREG | PREG | 
+-------------+-------------+--------+--------+--------+--------+--------+------+------+------+------+-------+------+------+
|dft8_axi_top | A*B         | 16     | 16     | -      | -      | 32     | 0    | 0    | -    | -    | -     | 0    | 0    | 
|dft8_axi_top | PCIN-A*B    | 16     | 16     | -      | -      | 32     | 0    | 0    | -    | -    | -     | 0    | 0    | 
|dft8_axi_top | A*B         | 16     | 16     | -      | -      | 32     | 0    | 0    | -    | -    | -     | 0    | 0    | 
|dft8_axi_top | PCIN+A*B    | 16     | 16     | -      | -      | 32     | 0    | 0    | -    | -    | -     | 0    | 0    | 
+-------------+-------------+--------+--------+--------+--------+--------+------+------+------+------+-------+------+------+

Note: The table above is a preliminary report that shows the DSPs inferred at the current stage of the synthesis flow. Some DSP may be reimplemented as non DSP primitives later in the synthesis flow. Multiple instantiated DSPs are reported only once.
---------------------------------------------------------------------------------
Finished ROM, RAM, DSP and Shift Register Reporting
---------------------------------------------------------------------------------

Report RTL Partitions: 
+-+--------------+------------+----------+
| |RTL Partition |Replication |Instances |
+-+--------------+------------+----------+
+-+--------------+------------+----------+
---------------------------------------------------------------------------------
Start Applying XDC Timing Constraints
---------------------------------------------------------------------------------
---------------------------------------------------------------------------------
Finished Applying XDC Timing Constraints : Time (s): cpu = 00:00:49 ; elapsed = 00:00:54 . Memory (MB): peak = 900.367 ; gain = 586.953
---------------------------------------------------------------------------------
---------------------------------------------------------------------------------
Start Timing Optimization
---------------------------------------------------------------------------------
---------------------------------------------------------------------------------
Finished Timing Optimization : Time (s): cpu = 00:00:56 ; elapsed = 00:01:01 . Memory (MB): peak = 988.418 ; gain = 675.004
---------------------------------------------------------------------------------

Report RTL Partitions: 
+-+--------------+------------+----------+
| |RTL Partition |Replication |Instances |
+-+--------------+------------+----------+
+-+--------------+------------+----------+
---------------------------------------------------------------------------------
Start Technology Mapping
---------------------------------------------------------------------------------
---------------------------------------------------------------------------------
Finished Technology Mapping : Time (s): cpu = 00:00:58 ; elapsed = 00:01:03 . Memory (MB): peak = 989.488 ; gain = 676.074
---------------------------------------------------------------------------------

Report RTL Partitions: 
+-+--------------+------------+----------+
| |RTL Partition |Replication |Instances |
+-+--------------+------------+----------+
+-+--------------+------------+----------+
---------------------------------------------------------------------------------
Start IO Insertion
---------------------------------------------------------------------------------
---------------------------------------------------------------------------------
Start Flattening Before IO Insertion
---------------------------------------------------------------------------------
---------------------------------------------------------------------------------
Finished Flattening Before IO Insertion
---------------------------------------------------------------------------------
---------------------------------------------------------------------------------
Start Final Netlist Cleanup
---------------------------------------------------------------------------------
---------------------------------------------------------------------------------
Finished Final Netlist Cleanup
---------------------------------------------------------------------------------
---------------------------------------------------------------------------------
Finished IO Insertion : Time (s): cpu = 00:01:00 ; elapsed = 00:01:04 . Memory (MB): peak = 989.488 ; gain = 676.074
---------------------------------------------------------------------------------

Report Check Netlist: 
+------+------------------+-------+---------+-------+------------------+
|      |Item              |Errors |Warnings |Status |Description       |
+------+------------------+-------+---------+-------+------------------+
|1     |multi_driven_nets |      0|        0|Passed |Multi driven nets |
+------+------------------+-------+---------+-------+------------------+
---------------------------------------------------------------------------------
Start Renaming Generated Instances
---------------------------------------------------------------------------------
---------------------------------------------------------------------------------
Finished Renaming Generated Instances : Time (s): cpu = 00:01:00 ; elapsed = 00:01:04 . Memory (MB): peak = 989.488 ; gain = 676.074
---------------------------------------------------------------------------------

Report RTL Partitions: 
+-+--------------+------------+----------+
| |RTL Partition |Replication |Instances |
+-+--------------+------------+----------+
+-+--------------+------------+----------+
---------------------------------------------------------------------------------
Start Rebuilding User Hierarchy
---------------------------------------------------------------------------------
---------------------------------------------------------------------------------
Finished Rebuilding User Hierarchy : Time (s): cpu = 00:01:00 ; elapsed = 00:01:05 . Memory (MB): peak = 989.488 ; gain = 676.074
---------------------------------------------------------------------------------
---------------------------------------------------------------------------------
Start Renaming Generated Ports
---------------------------------------------------------------------------------
---------------------------------------------------------------------------------
Finished Renaming Generated Ports : Time (s): cpu = 00:01:00 ; elapsed = 00:01:05 . Memory (MB): peak = 989.488 ; gain = 676.074
---------------------------------------------------------------------------------
---------------------------------------------------------------------------------
Start Handling Custom Attributes
---------------------------------------------------------------------------------
---------------------------------------------------------------------------------
Finished Handling Custom Attributes : Time (s): cpu = 00:01:00 ; elapsed = 00:01:05 . Memory (MB): peak = 989.488 ; gain = 676.074
---------------------------------------------------------------------------------
---------------------------------------------------------------------------------
Start Renaming Generated Nets
---------------------------------------------------------------------------------
---------------------------------------------------------------------------------
Finished Renaming Generated Nets : Time (s): cpu = 00:01:00 ; elapsed = 00:01:05 . Memory (MB): peak = 989.488 ; gain = 676.074
---------------------------------------------------------------------------------
---------------------------------------------------------------------------------
Start Writing Synthesis Report
---------------------------------------------------------------------------------

Report BlackBoxes: 
+-+--------------+----------+
| |BlackBox name |Instances |
+-+--------------+----------+
+-+--------------+----------+

Report Cell Usage: 
+------+--------+------+
|      |Cell    |Count |
+------+--------+------+
|1     |BUFG    |     1|
|2     |CARRY4  |    16|
|3     |DSP48E1 |     4|
|4     |LUT1    |    10|
|5     |LUT2    |    66|
|6     |LUT3    |    12|
|7     |LUT4    |     7|
|8     |LUT5    |   219|
|9     |LUT6    |   630|
|10    |MUXF7   |   160|
|11    |FDCE    |  1105|
|12    |IBUF    |    53|
|13    |OBUF    |    41|
+------+--------+------+

Report Instance Areas: 
+------+---------+-------+------+
|      |Instance |Module |Cells |
+------+---------+-------+------+
|1     |top      |       |  2324|
+------+---------+-------+------+
---------------------------------------------------------------------------------
Finished Writing Synthesis Report : Time (s): cpu = 00:01:00 ; elapsed = 00:01:05 . Memory (MB): peak = 989.488 ; gain = 676.074
---------------------------------------------------------------------------------
Synthesis finished with 0 errors, 0 critical warnings and 62 warnings.
Synthesis Optimization Runtime : Time (s): cpu = 00:00:46 ; elapsed = 00:00:52 . Memory (MB): peak = 989.488 ; gain = 271.707
Synthesis Optimization Complete : Time (s): cpu = 00:01:01 ; elapsed = 00:01:05 . Memory (MB): peak = 989.488 ; gain = 676.074
INFO: [Project 1-571] Translating synthesized netlist
INFO: [Netlist 29-17] Analyzing 233 Unisim elements for replacement
INFO: [Netlist 29-28] Unisim Transformation completed in 0 CPU seconds
WARNING: [Netlist 29-101] Netlist 'dft8_axi_top' is not ideal for floorplanning, since the cellview 'dft8_axi_top' contains a large number of primitives.  Please consider enabling hierarchy in synthesis if you want to do floorplanning.
INFO: [Project 1-570] Preparing netlist for logic optimization
INFO: [Opt 31-138] Pushed 0 inverter(s) to 0 load pin(s).
INFO: [Project 1-111] Unisim Transformation Summary:
No Unisim elements were transformed.

INFO: [Common 17-83] Releasing license: Synthesis
117 Infos, 74 Warnings, 0 Critical Warnings and 0 Errors encountered.
synth_design completed successfully
synth_design: Time (s): cpu = 00:01:04 ; elapsed = 00:01:09 . Memory (MB): peak = 989.488 ; gain = 688.957
WARNING: [Constraints 18-5210] No constraint will be written out.
INFO: [Common 17-1381] The checkpoint 'C:/Users/12430/Desktop/ai_verilog_auto_tools/outputs/dft8_axi/vivado_synth/_dft8_axi_top/dft8_axi_top.runs/synth_1/dft8_axi_top.dcp' has been generated.
INFO: [runtcl-4] Executing : report_utilization -file dft8_axi_top_utilization_synth.rpt -pb dft8_axi_top_utilization_synth.pb
report_utilization: Time (s): cpu = 00:00:01 ; elapsed = 00:00:00.141 . Memory (MB): peak = 989.488 ; gain = 0.000
INFO: [Common 17-206] Exiting Vivado at Tue Jul 21 15:14:48 2026...
