
*** Running vivado
    with args -log dft8_top.vdi -applog -m64 -product Vivado -messageDb vivado.pb -mode batch -source dft8_top.tcl -notrace


****** Vivado v2018.2.2 (64-bit)
  **** SW Build 2348494 on Mon Oct  1 18:25:44 MDT 2018
  **** IP Build 2318053 on Mon Oct  1 21:44:26 MDT 2018
    ** Copyright 1986-2018 Xilinx, Inc. All Rights Reserved.

source dft8_top.tcl -notrace
Command: open_checkpoint C:/Users/12430/Desktop/ai_verilog_auto_tools/outputs/dft8/vivado_synth/_dft8_top/dft8_top.runs/impl_1/dft8_top.dcp

Starting open_checkpoint Task

Time (s): cpu = 00:00:00 ; elapsed = 00:00:00.059 . Memory (MB): peak = 238.398 ; gain = 0.000
INFO: [Netlist 29-17] Analyzing 311 Unisim elements for replacement
INFO: [Netlist 29-28] Unisim Transformation completed in 0 CPU seconds
WARNING: [Netlist 29-101] Netlist 'dft8_top' is not ideal for floorplanning, since the cellview 'dft8_top' contains a large number of primitives.  Please consider enabling hierarchy in synthesis if you want to do floorplanning.
INFO: [Project 1-479] Netlist was created with Vivado 2018.2.2
INFO: [Device 21-403] Loading part xc7a200tfbg484-2L
INFO: [Project 1-570] Preparing netlist for logic optimization
INFO: [Project 1-111] Unisim Transformation Summary:
No Unisim elements were transformed.

INFO: [Project 1-604] Checkpoint was created with Vivado v2018.2.2 (64-bit) build 2348494
open_checkpoint: Time (s): cpu = 00:00:12 ; elapsed = 00:00:15 . Memory (MB): peak = 667.371 ; gain = 438.188
Command: opt_design
Attempting to get a license for feature 'Implementation' and/or device 'xc7a200t'
INFO: [Common 17-349] Got license for feature 'Implementation' and/or device 'xc7a200t'
Running DRC as a precondition to command opt_design

Starting DRC Task
INFO: [DRC 23-27] Running DRC with 2 threads
INFO: [Project 1-461] DRC finished with 0 Errors
INFO: [Project 1-462] Please refer to the DRC report (report_drc) for more information.

Time (s): cpu = 00:00:01 ; elapsed = 00:00:00.952 . Memory (MB): peak = 684.410 ; gain = 15.535

Starting Cache Timing Information Task
INFO: [Timing 38-35] Done setting XDC timing constraints.
Ending Cache Timing Information Task | Checksum: 1a272ab20

Time (s): cpu = 00:00:16 ; elapsed = 00:00:17 . Memory (MB): peak = 1218.008 ; gain = 533.598

Starting Logic Optimization Task

Phase 1 Retarget
INFO: [Opt 31-138] Pushed 0 inverter(s) to 0 load pin(s).
INFO: [Opt 31-49] Retargeted 0 cell(s).
Phase 1 Retarget | Checksum: 1a272ab20

Time (s): cpu = 00:00:00 ; elapsed = 00:00:00.148 . Memory (MB): peak = 1218.008 ; gain = 0.000
INFO: [Opt 31-389] Phase Retarget created 0 cells and removed 0 cells

Phase 2 Constant propagation
INFO: [Opt 31-138] Pushed 0 inverter(s) to 0 load pin(s).
Phase 2 Constant propagation | Checksum: 1a272ab20

Time (s): cpu = 00:00:00 ; elapsed = 00:00:00.183 . Memory (MB): peak = 1218.008 ; gain = 0.000
INFO: [Opt 31-389] Phase Constant propagation created 0 cells and removed 0 cells

Phase 3 Sweep
Phase 3 Sweep | Checksum: 18a378804

Time (s): cpu = 00:00:00 ; elapsed = 00:00:00.223 . Memory (MB): peak = 1218.008 ; gain = 0.000
INFO: [Opt 31-389] Phase Sweep created 0 cells and removed 0 cells

Phase 4 BUFG optimization
Phase 4 BUFG optimization | Checksum: 18a378804

Time (s): cpu = 00:00:00 ; elapsed = 00:00:00.288 . Memory (MB): peak = 1218.008 ; gain = 0.000
INFO: [Opt 31-662] Phase BUFG optimization created 0 cells of which 0 are BUFGs and removed 0 cells.

Phase 5 Shift Register Optimization
Phase 5 Shift Register Optimization | Checksum: 152c663c1

Time (s): cpu = 00:00:00 ; elapsed = 00:00:00.344 . Memory (MB): peak = 1218.008 ; gain = 0.000
INFO: [Opt 31-389] Phase Shift Register Optimization created 0 cells and removed 0 cells

Phase 6 Post Processing Netlist
Phase 6 Post Processing Netlist | Checksum: 152c663c1

Time (s): cpu = 00:00:00 ; elapsed = 00:00:00.356 . Memory (MB): peak = 1218.008 ; gain = 0.000
INFO: [Opt 31-389] Phase Post Processing Netlist created 0 cells and removed 0 cells

Starting Connectivity Check Task

Time (s): cpu = 00:00:00 ; elapsed = 00:00:00.003 . Memory (MB): peak = 1218.008 ; gain = 0.000
Ending Logic Optimization Task | Checksum: 152c663c1

Time (s): cpu = 00:00:00 ; elapsed = 00:00:00.365 . Memory (MB): peak = 1218.008 ; gain = 0.000

Starting Power Optimization Task
INFO: [Pwropt 34-132] Skipping clock gating for clocks with a period < 2.00 ns.
Ending Power Optimization Task | Checksum: 152c663c1

Time (s): cpu = 00:00:00 ; elapsed = 00:00:00.014 . Memory (MB): peak = 1218.008 ; gain = 0.000

Starting Final Cleanup Task
Ending Final Cleanup Task | Checksum: 152c663c1

Time (s): cpu = 00:00:00 ; elapsed = 00:00:00 . Memory (MB): peak = 1218.008 ; gain = 0.000
INFO: [Common 17-83] Releasing license: Implementation
23 Infos, 1 Warnings, 0 Critical Warnings and 0 Errors encountered.
opt_design completed successfully
opt_design: Time (s): cpu = 00:00:17 ; elapsed = 00:00:19 . Memory (MB): peak = 1218.008 ; gain = 550.637
WARNING: [Constraints 18-5210] No constraint will be written out.
INFO: [Common 17-1381] The checkpoint 'C:/Users/12430/Desktop/ai_verilog_auto_tools/outputs/dft8/vivado_synth/_dft8_top/dft8_top.runs/impl_1/dft8_top_opt.dcp' has been generated.
INFO: [runtcl-4] Executing : report_drc -file dft8_top_drc_opted.rpt -pb dft8_top_drc_opted.pb -rpx dft8_top_drc_opted.rpx
Command: report_drc -file dft8_top_drc_opted.rpt -pb dft8_top_drc_opted.pb -rpx dft8_top_drc_opted.rpx
INFO: [IP_Flow 19-234] Refreshing IP repositories
INFO: [IP_Flow 19-1704] No user IP repositories specified
INFO: [IP_Flow 19-2313] Loaded Vivado IP repository 'C:/Xilinx/Vivado/2018.2/data/ip'.
INFO: [DRC 23-27] Running DRC with 2 threads
INFO: [Coretcl 2-168] The results of DRC are in file C:/Users/12430/Desktop/ai_verilog_auto_tools/outputs/dft8/vivado_synth/_dft8_top/dft8_top.runs/impl_1/dft8_top_drc_opted.rpt.
report_drc completed successfully
report_drc: Time (s): cpu = 00:00:07 ; elapsed = 00:00:05 . Memory (MB): peak = 1245.375 ; gain = 27.367
Command: place_design
Attempting to get a license for feature 'Implementation' and/or device 'xc7a200t'
INFO: [Common 17-349] Got license for feature 'Implementation' and/or device 'xc7a200t'
INFO: [DRC 23-27] Running DRC with 2 threads
INFO: [Vivado_Tcl 4-198] DRC finished with 0 Errors
INFO: [Vivado_Tcl 4-199] Please refer to the DRC report (report_drc) for more information.
Running DRC as a precondition to command place_design
INFO: [DRC 23-27] Running DRC with 2 threads
INFO: [Vivado_Tcl 4-198] DRC finished with 0 Errors
INFO: [Vivado_Tcl 4-199] Please refer to the DRC report (report_drc) for more information.

Starting Placer Task
INFO: [Place 30-611] Multithreading enabled for place_design using a maximum of 2 CPUs

Phase 1 Placer Initialization

Phase 1.1 Placer Initialization Netlist Sorting
Netlist sorting complete. Time (s): cpu = 00:00:00 ; elapsed = 00:00:00.003 . Memory (MB): peak = 1245.375 ; gain = 0.000
Phase 1.1 Placer Initialization Netlist Sorting | Checksum: 54fa4e7a

Time (s): cpu = 00:00:00 ; elapsed = 00:00:00.010 . Memory (MB): peak = 1245.375 ; gain = 0.000
Netlist sorting complete. Time (s): cpu = 00:00:00 ; elapsed = 00:00:00.002 . Memory (MB): peak = 1245.375 ; gain = 0.000

Phase 1.2 IO Placement/ Clock Placement/ Build Placer Device
ERROR: [Place 30-415] IO Placement failed due to overutilization. This design contains 516 I/O ports
 while the target  device: 7a200t package: fbg484, contains only 285 available user I/O. The target device has 285 usable I/O pins of which 0 are already occupied by user-locked I/Os.
 To rectify this issue:
 1. Ensure you are targeting the correct device and package.  Select a larger device or different package if necessary.
 2. Check the top-level ports of the design to ensure the correct number of ports are specified.
 3. Consider design changes to reduce the number of I/Os necessary.
INFO: [Timing 38-35] Done setting XDC timing constraints.
ERROR: [Place 30-68] Instance clk_IBUF_BUFG_inst (BUFG) is not placed
ERROR: [Place 30-68] Instance clk_IBUF_inst (IBUF) is not placed
ERROR: [Place 30-68] Instance done_OBUF_inst (OBUF) is not placed
ERROR: [Place 30-68] Instance fi0_OBUF[0]_inst (OBUF) is not placed
ERROR: [Place 30-68] Instance fi0_OBUF[10]_inst (OBUF) is not placed
ERROR: [Place 30-68] Instance fi0_OBUF[11]_inst (OBUF) is not placed
ERROR: [Place 30-68] Instance fi0_OBUF[12]_inst (OBUF) is not placed
ERROR: [Place 30-68] Instance fi0_OBUF[13]_inst (OBUF) is not placed
ERROR: [Place 30-68] Instance fi0_OBUF[14]_inst (OBUF) is not placed
ERROR: [Place 30-68] Instance fi0_OBUF[15]_inst (OBUF) is not placed
ERROR: [Place 30-68] Instance fi0_OBUF[1]_inst (OBUF) is not placed
ERROR: [Place 30-68] Instance fi0_OBUF[2]_inst (OBUF) is not placed
ERROR: [Place 30-68] Instance fi0_OBUF[3]_inst (OBUF) is not placed
ERROR: [Place 30-68] Instance fi0_OBUF[4]_inst (OBUF) is not placed
ERROR: [Place 30-68] Instance fi0_OBUF[5]_inst (OBUF) is not placed
ERROR: [Place 30-68] Instance fi0_OBUF[6]_inst (OBUF) is not placed
ERROR: [Place 30-68] Instance fi0_OBUF[7]_inst (OBUF) is not placed
ERROR: [Place 30-68] Instance fi0_OBUF[8]_inst (OBUF) is not placed
ERROR: [Place 30-68] Instance fi0_OBUF[9]_inst (OBUF) is not placed
ERROR: [Place 30-68] Instance fi1_OBUF[0]_inst (OBUF) is not placed
ERROR: [Place 30-68] Instance fi1_OBUF[10]_inst (OBUF) is not placed
ERROR: [Place 30-68] Instance fi1_OBUF[11]_inst (OBUF) is not placed
ERROR: [Place 30-68] Instance fi1_OBUF[12]_inst (OBUF) is not placed
ERROR: [Place 30-68] Instance fi1_OBUF[13]_inst (OBUF) is not placed
ERROR: [Place 30-68] Instance fi1_OBUF[14]_inst (OBUF) is not placed
ERROR: [Place 30-68] Instance fi1_OBUF[15]_inst (OBUF) is not placed
ERROR: [Place 30-68] Instance fi1_OBUF[1]_inst (OBUF) is not placed
ERROR: [Place 30-68] Instance fi1_OBUF[2]_inst (OBUF) is not placed
ERROR: [Place 30-68] Instance fi1_OBUF[3]_inst (OBUF) is not placed
ERROR: [Place 30-68] Instance fi1_OBUF[4]_inst (OBUF) is not placed
ERROR: [Place 30-68] Instance fi1_OBUF[5]_inst (OBUF) is not placed
ERROR: [Place 30-68] Instance fi1_OBUF[6]_inst (OBUF) is not placed
ERROR: [Place 30-68] Instance fi1_OBUF[7]_inst (OBUF) is not placed
ERROR: [Place 30-68] Instance fi1_OBUF[8]_inst (OBUF) is not placed
ERROR: [Place 30-68] Instance fi1_OBUF[9]_inst (OBUF) is not placed
ERROR: [Place 30-68] Instance fi2_OBUF[0]_inst (OBUF) is not placed
ERROR: [Place 30-68] Instance fi2_OBUF[10]_inst (OBUF) is not placed
ERROR: [Place 30-68] Instance fi2_OBUF[11]_inst (OBUF) is not placed
ERROR: [Place 30-68] Instance fi2_OBUF[12]_inst (OBUF) is not placed
ERROR: [Place 30-68] Instance fi2_OBUF[13]_inst (OBUF) is not placed
ERROR: [Place 30-68] Instance fi2_OBUF[14]_inst (OBUF) is not placed
ERROR: [Place 30-68] Instance fi2_OBUF[15]_inst (OBUF) is not placed
ERROR: [Place 30-68] Instance fi2_OBUF[1]_inst (OBUF) is not placed
ERROR: [Place 30-68] Instance fi2_OBUF[2]_inst (OBUF) is not placed
ERROR: [Place 30-68] Instance fi2_OBUF[3]_inst (OBUF) is not placed
ERROR: [Place 30-68] Instance fi2_OBUF[4]_inst (OBUF) is not placed
ERROR: [Place 30-68] Instance fi2_OBUF[5]_inst (OBUF) is not placed
ERROR: [Place 30-68] Instance fi2_OBUF[6]_inst (OBUF) is not placed
ERROR: [Place 30-68] Instance fi2_OBUF[7]_inst (OBUF) is not placed
ERROR: [Place 30-68] Instance fi2_OBUF[8]_inst (OBUF) is not placed
ERROR: [Place 30-68] Instance fi2_OBUF[9]_inst (OBUF) is not placed
ERROR: [Place 30-68] Instance fi3_OBUF[0]_inst (OBUF) is not placed
ERROR: [Place 30-68] Instance fi3_OBUF[10]_inst (OBUF) is not placed
ERROR: [Place 30-68] Instance fi3_OBUF[11]_inst (OBUF) is not placed
ERROR: [Place 30-68] Instance fi3_OBUF[12]_inst (OBUF) is not placed
ERROR: [Place 30-68] Instance fi3_OBUF[13]_inst (OBUF) is not placed
ERROR: [Place 30-68] Instance fi3_OBUF[14]_inst (OBUF) is not placed
ERROR: [Place 30-68] Instance fi3_OBUF[15]_inst (OBUF) is not placed
ERROR: [Place 30-68] Instance fi3_OBUF[1]_inst (OBUF) is not placed
ERROR: [Place 30-68] Instance fi3_OBUF[2]_inst (OBUF) is not placed
ERROR: [Place 30-68] Instance fi3_OBUF[3]_inst (OBUF) is not placed
ERROR: [Place 30-68] Instance fi3_OBUF[4]_inst (OBUF) is not placed
ERROR: [Place 30-68] Instance fi3_OBUF[5]_inst (OBUF) is not placed
ERROR: [Place 30-68] Instance fi3_OBUF[6]_inst (OBUF) is not placed
ERROR: [Place 30-68] Instance fi3_OBUF[7]_inst (OBUF) is not placed
ERROR: [Place 30-68] Instance fi3_OBUF[8]_inst (OBUF) is not placed
ERROR: [Place 30-68] Instance fi3_OBUF[9]_inst (OBUF) is not placed
ERROR: [Place 30-68] Instance fi4_OBUF[0]_inst (OBUF) is not placed
ERROR: [Place 30-68] Instance fi4_OBUF[10]_inst (OBUF) is not placed
ERROR: [Place 30-68] Instance fi4_OBUF[11]_inst (OBUF) is not placed
ERROR: [Place 30-68] Instance fi4_OBUF[12]_inst (OBUF) is not placed
ERROR: [Place 30-68] Instance fi4_OBUF[13]_inst (OBUF) is not placed
ERROR: [Place 30-68] Instance fi4_OBUF[14]_inst (OBUF) is not placed
ERROR: [Place 30-68] Instance fi4_OBUF[15]_inst (OBUF) is not placed
ERROR: [Place 30-68] Instance fi4_OBUF[1]_inst (OBUF) is not placed
ERROR: [Place 30-68] Instance fi4_OBUF[2]_inst (OBUF) is not placed
ERROR: [Place 30-68] Instance fi4_OBUF[3]_inst (OBUF) is not placed
ERROR: [Place 30-68] Instance fi4_OBUF[4]_inst (OBUF) is not placed
ERROR: [Place 30-68] Instance fi4_OBUF[5]_inst (OBUF) is not placed
ERROR: [Place 30-68] Instance fi4_OBUF[6]_inst (OBUF) is not placed
ERROR: [Place 30-68] Instance fi4_OBUF[7]_inst (OBUF) is not placed
ERROR: [Place 30-68] Instance fi4_OBUF[8]_inst (OBUF) is not placed
ERROR: [Place 30-68] Instance fi4_OBUF[9]_inst (OBUF) is not placed
ERROR: [Place 30-68] Instance fi5_OBUF[0]_inst (OBUF) is not placed
ERROR: [Place 30-68] Instance fi5_OBUF[10]_inst (OBUF) is not placed
ERROR: [Place 30-68] Instance fi5_OBUF[11]_inst (OBUF) is not placed
ERROR: [Place 30-68] Instance fi5_OBUF[12]_inst (OBUF) is not placed
ERROR: [Place 30-68] Instance fi5_OBUF[13]_inst (OBUF) is not placed
ERROR: [Place 30-68] Instance fi5_OBUF[14]_inst (OBUF) is not placed
ERROR: [Place 30-68] Instance fi5_OBUF[15]_inst (OBUF) is not placed
ERROR: [Place 30-68] Instance fi5_OBUF[1]_inst (OBUF) is not placed
ERROR: [Place 30-68] Instance fi5_OBUF[2]_inst (OBUF) is not placed
ERROR: [Place 30-68] Instance fi5_OBUF[3]_inst (OBUF) is not placed
ERROR: [Place 30-68] Instance fi5_OBUF[4]_inst (OBUF) is not placed
ERROR: [Place 30-68] Instance fi5_OBUF[5]_inst (OBUF) is not placed
ERROR: [Place 30-68] Instance fi5_OBUF[6]_inst (OBUF) is not placed
ERROR: [Place 30-68] Instance fi5_OBUF[7]_inst (OBUF) is not placed
ERROR: [Place 30-68] Instance fi5_OBUF[8]_inst (OBUF) is not placed
ERROR: [Place 30-68] Instance fi5_OBUF[9]_inst (OBUF) is not placed
ERROR: [Place 30-68] Instance fi6_OBUF[0]_inst (OBUF) is not placed
INFO: [Common 17-14] Message 'Place 30-68' appears 100 times and further instances of the messages will be disabled. Use the Tcl command set_msg_config to change the current settings.
Phase 1.2 IO Placement/ Clock Placement/ Build Placer Device | Checksum: 887fc5a8

Time (s): cpu = 00:00:05 ; elapsed = 00:00:03 . Memory (MB): peak = 1264.680 ; gain = 19.305
Phase 1 Placer Initialization | Checksum: 887fc5a8

Time (s): cpu = 00:00:05 ; elapsed = 00:00:03 . Memory (MB): peak = 1264.680 ; gain = 19.305
ERROR: [Place 30-99] Placer failed with error: 'IO Clock Placer failed'
Please review all ERROR, CRITICAL WARNING, and WARNING messages during placement to understand the cause for failure.
Ending Placer Task | Checksum: 887fc5a8

Time (s): cpu = 00:00:05 ; elapsed = 00:00:03 . Memory (MB): peak = 1264.680 ; gain = 19.305
INFO: [Common 17-83] Releasing license: Implementation
41 Infos, 2 Warnings, 0 Critical Warnings and 103 Errors encountered.
place_design failed
ERROR: [Common 17-69] Command failed: Placer could not place all instances
INFO: [Common 17-206] Exiting Vivado at Mon Jul 20 14:42:55 2026...
