Copyright 1986-2018 Xilinx, Inc. All Rights Reserved.
------------------------------------------------------------------------------------------------------------------------------------------------
| Tool Version : Vivado v.2018.2.2 (win64) Build 2348494 Mon Oct  1 18:25:44 MDT 2018
| Date         : Tue Jul 21 15:20:49 2026
| Host         : han running 64-bit major release  (build 9200)
| Command      : report_timing_summary -file {C:\Users\12430\Desktop\ai_verilog_auto_tools\outputs\dft8_axi\vivado_synth\vivado_out/timing.rpt}
| Design       : dft8_axi_top
| Device       : 7a200t-fbg484
| Speed File   : -2L  PRODUCTION 1.23 2018-06-13
------------------------------------------------------------------------------------------------------------------------------------------------

Timing Summary Report

------------------------------------------------------------------------------------------------
| Timer Settings
| --------------
------------------------------------------------------------------------------------------------

  Enable Multi Corner Analysis               :  Yes
  Enable Pessimism Removal                   :  Yes
  Pessimism Removal Resolution               :  Nearest Common Node
  Enable Input Delay Default Clock           :  No
  Enable Preset / Clear Arcs                 :  No
  Disable Flight Delays                      :  No
  Ignore I/O Paths                           :  No
  Timing Early Launch at Borrowing Latches   :  false

  Corner  Analyze    Analyze    
  Name    Max Paths  Min Paths  
  ------  ---------  ---------  
  Slow    Yes        Yes        
  Fast    Yes        Yes        



check_timing report

Table of Contents
-----------------
1. checking no_clock
2. checking constant_clock
3. checking pulse_width_clock
4. checking unconstrained_internal_endpoints
5. checking no_input_delay
6. checking no_output_delay
7. checking multiple_clock
8. checking generated_clocks
9. checking loops
10. checking partial_input_delay
11. checking partial_output_delay
12. checking latch_loops

1. checking no_clock
--------------------
 There are 0 register/latch pins with no clock.


2. checking constant_clock
--------------------------
 There are 0 register/latch pins with constant_clock.


3. checking pulse_width_clock
-----------------------------
 There are 0 register/latch pins which need pulse_width check


4. checking unconstrained_internal_endpoints
--------------------------------------------
 There are 0 pins that are not constrained for maximum delay.

 There are 0 pins that are not constrained for maximum delay due to constant clock.


5. checking no_input_delay
--------------------------
 There are 52 input ports with no input delay specified. (HIGH)

 There are 0 input ports with no input delay but user has a false path constraint.


6. checking no_output_delay
---------------------------
 There are 34 ports with no output delay specified. (HIGH)

 There are 0 ports with no output delay but user has a false path constraint

 There are 0 ports with no output delay but with a timing clock defined on it or propagating through it


7. checking multiple_clock
--------------------------
 There are 0 register/latch pins with multiple clocks.


8. checking generated_clocks
----------------------------
 There are 0 generated clocks that are not connected to a clock source.


9. checking loops
-----------------
 There are 0 combinational loops in the design.


10. checking partial_input_delay
--------------------------------
 There are 0 input ports with partial input delay specified.


11. checking partial_output_delay
---------------------------------
 There are 0 ports with partial output delay specified.


12. checking latch_loops
------------------------
 There are 0 combinational latch loops in the design through latch input



------------------------------------------------------------------------------------------------
| Design Timing Summary
| ---------------------
------------------------------------------------------------------------------------------------

    WNS(ns)      TNS(ns)  TNS Failing Endpoints  TNS Total Endpoints      WHS(ns)      THS(ns)  THS Failing Endpoints  THS Total Endpoints     WPWS(ns)     TPWS(ns)  TPWS Failing Endpoints  TPWS Total Endpoints  
    -------      -------  ---------------------  -------------------      -------      -------  ---------------------  -------------------     --------     --------  ----------------------  --------------------  
     -0.140       -0.959                     14                  688        0.214        0.000                      0                  688        4.500        0.000                       0                  1106  


Timing constraints are not met.


------------------------------------------------------------------------------------------------
| Clock Summary
| -------------
------------------------------------------------------------------------------------------------

Clock  Waveform(ns)       Period(ns)      Frequency(MHz)
-----  ------------       ----------      --------------
clk    {0.000 5.000}      10.000          100.000         


------------------------------------------------------------------------------------------------
| Intra Clock Table
| -----------------
------------------------------------------------------------------------------------------------

Clock             WNS(ns)      TNS(ns)  TNS Failing Endpoints  TNS Total Endpoints      WHS(ns)      THS(ns)  THS Failing Endpoints  THS Total Endpoints     WPWS(ns)     TPWS(ns)  TPWS Failing Endpoints  TPWS Total Endpoints  
-----             -------      -------  ---------------------  -------------------      -------      -------  ---------------------  -------------------     --------     --------  ----------------------  --------------------  
clk                -0.140       -0.959                     14                  688        0.214        0.000                      0                  688        4.500        0.000                       0                  1106  


------------------------------------------------------------------------------------------------
| Inter Clock Table
| -----------------
------------------------------------------------------------------------------------------------

From Clock    To Clock          WNS(ns)      TNS(ns)  TNS Failing Endpoints  TNS Total Endpoints      WHS(ns)      THS(ns)  THS Failing Endpoints  THS Total Endpoints  
----------    --------          -------      -------  ---------------------  -------------------      -------      -------  ---------------------  -------------------  


------------------------------------------------------------------------------------------------
| Other Path Groups Table
| -----------------------
------------------------------------------------------------------------------------------------

Path Group    From Clock    To Clock          WNS(ns)      TNS(ns)  TNS Failing Endpoints  TNS Total Endpoints      WHS(ns)      THS(ns)  THS Failing Endpoints  THS Total Endpoints  
----------    ----------    --------          -------      -------  ---------------------  -------------------      -------      -------  ---------------------  -------------------  


------------------------------------------------------------------------------------------------
| Timing Details
| --------------
------------------------------------------------------------------------------------------------


---------------------------------------------------------------------------------------------------
From Clock:  clk
  To Clock:  clk

Setup :           14  Failing Endpoints,  Worst Slack       -0.140ns,  Total Violation       -0.959ns
Hold  :            0  Failing Endpoints,  Worst Slack        0.214ns,  Total Violation        0.000ns
PW    :            0  Failing Endpoints,  Worst Slack        4.500ns,  Total Violation        0.000ns
---------------------------------------------------------------------------------------------------


Max Delay Paths
--------------------------------------------------------------------------------------
Slack (VIOLATED) :        -0.140ns  (required time - arrival time)
  Source:                 n_idx_reg[0]/C
                            (rising edge-triggered cell FDCE clocked by clk  {rise@0.000ns fall@5.000ns period=10.000ns})
  Destination:            regs_reg[29][30]/D
                            (rising edge-triggered cell FDCE clocked by clk  {rise@0.000ns fall@5.000ns period=10.000ns})
  Path Group:             clk
  Path Type:              Setup (Max at Slow Process Corner)
  Requirement:            10.000ns  (clk rise@10.000ns - clk rise@0.000ns)
  Data Path Delay:        10.136ns  (logic 7.200ns (71.035%)  route 2.936ns (28.965%))
  Logic Levels:           14  (CARRY4=8 DSP48E1=2 LUT2=1 LUT6=2 MUXF7=1)
  Clock Path Skew:        -0.045ns (DCD - SCD + CPR)
    Destination Clock Delay (DCD):    3.867ns = ( 13.867 - 10.000 ) 
    Source Clock Delay      (SCD):    4.206ns
    Clock Pessimism Removal (CPR):    0.294ns
  Clock Uncertainty:      0.035ns  ((TSJ^2 + TIJ^2)^1/2 + DJ) / 2 + PE
    Total System Jitter     (TSJ):    0.071ns
    Total Input Jitter      (TIJ):    0.000ns
    Discrete Jitter          (DJ):    0.000ns
    Phase Error              (PE):    0.000ns

    Location             Delay type                Incr(ns)  Path(ns)    Netlist Resource(s)
  -------------------------------------------------------------------    -------------------
                         (clock clk rise edge)        0.000     0.000 r  
    Y4                                                0.000     0.000 r  clk (IN)
                         net (fo=0)                   0.000     0.000    clk
    Y4                   IBUF (Prop_ibuf_I_O)         0.933     0.933 r  clk_IBUF_inst/O
                         net (fo=1, routed)           1.792     2.725    clk_IBUF
    BUFGCTRL_X0Y0        BUFG (Prop_bufg_I_O)         0.081     2.806 r  clk_IBUF_BUFG_inst/O
                         net (fo=1105, routed)        1.400     4.206    clk_IBUF_BUFG
    SLICE_X102Y159       FDCE                                         r  n_idx_reg[0]/C
  -------------------------------------------------------------------    -------------------
    SLICE_X102Y159       FDCE (Prop_fdce_C_Q)         0.433     4.639 r  n_idx_reg[0]/Q
                         net (fo=144, routed)         1.027     5.666    n_idx[0]
    SLICE_X105Y161       LUT6 (Prop_lut6_I4_O)        0.105     5.771 r  ac_i_27/O
                         net (fo=1, routed)           0.000     5.771    ac_i_27_n_0
    SLICE_X105Y161       MUXF7 (Prop_muxf7_I1_O)      0.182     5.953 r  ac_i_8/O
                         net (fo=2, routed)           0.763     6.717    p_0_out[13]
    DSP48_X6Y62          DSP48E1 (Prop_dsp48e1_A[13]_PCOUT[47])
                                                      3.544    10.261 r  ad/PCOUT[47]
                         net (fo=1, routed)           0.002    10.263    ad_n_106
    DSP48_X6Y63          DSP48E1 (Prop_dsp48e1_PCIN[47]_P[1])
                                                      1.271    11.534 r  m_i/P[1]
                         net (fo=1, routed)           0.503    12.036    m_i_n_104
    SLICE_X99Y156        LUT2 (Prop_lut2_I1_O)        0.105    12.141 r  acc_i[3]_i_5/O
                         net (fo=1, routed)           0.000    12.141    acc_i[3]_i_5_n_0
    SLICE_X99Y156        CARRY4 (Prop_carry4_S[1]_CO[3])
                                                      0.457    12.598 r  acc_i_reg[3]_i_2/CO[3]
                         net (fo=1, routed)           0.000    12.598    acc_i_reg[3]_i_2_n_0
    SLICE_X99Y157        CARRY4 (Prop_carry4_CI_CO[3])
                                                      0.098    12.696 r  acc_i_reg[7]_i_2/CO[3]
                         net (fo=1, routed)           0.000    12.696    acc_i_reg[7]_i_2_n_0
    SLICE_X99Y158        CARRY4 (Prop_carry4_CI_CO[3])
                                                      0.098    12.794 r  acc_i_reg[11]_i_2/CO[3]
                         net (fo=1, routed)           0.000    12.794    acc_i_reg[11]_i_2_n_0
    SLICE_X99Y159        CARRY4 (Prop_carry4_CI_CO[3])
                                                      0.098    12.892 r  acc_i_reg[15]_i_2/CO[3]
                         net (fo=1, routed)           0.000    12.892    acc_i_reg[15]_i_2_n_0
    SLICE_X99Y160        CARRY4 (Prop_carry4_CI_CO[3])
                                                      0.098    12.990 r  acc_i_reg[19]_i_2/CO[3]
                         net (fo=1, routed)           0.000    12.990    acc_i_reg[19]_i_2_n_0
    SLICE_X99Y161        CARRY4 (Prop_carry4_CI_CO[3])
                                                      0.098    13.088 r  acc_i_reg[23]_i_2/CO[3]
                         net (fo=1, routed)           0.000    13.088    acc_i_reg[23]_i_2_n_0
    SLICE_X99Y162        CARRY4 (Prop_carry4_CI_CO[3])
                                                      0.098    13.186 r  acc_i_reg[27]_i_2/CO[3]
                         net (fo=1, routed)           0.000    13.186    acc_i_reg[27]_i_2_n_0
    SLICE_X99Y163        CARRY4 (Prop_carry4_CI_O[1])
                                                      0.265    13.451 r  acc_i_reg[30]_i_2/O[1]
                         net (fo=9, routed)           0.641    14.092    acc_i0[29]
    SLICE_X100Y157       LUT6 (Prop_lut6_I2_O)        0.250    14.342 r  regs[29][30]_i_1/O
                         net (fo=1, routed)           0.000    14.342    regs[29][30]_i_1_n_0
    SLICE_X100Y157       FDCE                                         r  regs_reg[29][30]/D
  -------------------------------------------------------------------    -------------------

                         (clock clk rise edge)       10.000    10.000 r  
    Y4                                                0.000    10.000 r  clk (IN)
                         net (fo=0)                   0.000    10.000    clk
    Y4                   IBUF (Prop_ibuf_I_O)         0.802    10.802 r  clk_IBUF_inst/O
                         net (fo=1, routed)           1.699    12.501    clk_IBUF
    BUFGCTRL_X0Y0        BUFG (Prop_bufg_I_O)         0.077    12.578 r  clk_IBUF_BUFG_inst/O
                         net (fo=1105, routed)        1.289    13.867    clk_IBUF_BUFG
    SLICE_X100Y157       FDCE                                         r  regs_reg[29][30]/C
                         clock pessimism              0.294    14.161    
                         clock uncertainty           -0.035    14.126    
    SLICE_X100Y157       FDCE (Setup_fdce_C_D)        0.076    14.202    regs_reg[29][30]
  -------------------------------------------------------------------
                         required time                         14.202    
                         arrival time                         -14.342    
  -------------------------------------------------------------------
                         slack                                 -0.140    





Min Delay Paths
--------------------------------------------------------------------------------------
Slack (MET) :             0.214ns  (arrival time - required time)
  Source:                 state_reg[0]/C
                            (rising edge-triggered cell FDCE clocked by clk  {rise@0.000ns fall@5.000ns period=10.000ns})
  Destination:            acc_r_reg[1]/D
                            (rising edge-triggered cell FDCE clocked by clk  {rise@0.000ns fall@5.000ns period=10.000ns})
  Path Group:             clk
  Path Type:              Hold (Min at Fast Process Corner)
  Requirement:            0.000ns  (clk rise@0.000ns - clk rise@0.000ns)
  Data Path Delay:        0.319ns  (logic 0.186ns (58.302%)  route 0.133ns (41.698%))
  Logic Levels:           1  (LUT5=1)
  Clock Path Skew:        0.013ns (DCD - SCD - CPR)
    Destination Clock Delay (DCD):    2.037ns
    Source Clock Delay      (SCD):    1.516ns
    Clock Pessimism Removal (CPR):    0.508ns

    Location             Delay type                Incr(ns)  Path(ns)    Netlist Resource(s)
  -------------------------------------------------------------------    -------------------
                         (clock clk rise edge)        0.000     0.000 r  
    Y4                                                0.000     0.000 r  clk (IN)
                         net (fo=0)                   0.000     0.000    clk
    Y4                   IBUF (Prop_ibuf_I_O)         0.230     0.230 r  clk_IBUF_inst/O
                         net (fo=1, routed)           0.676     0.906    clk_IBUF
    BUFGCTRL_X0Y0        BUFG (Prop_bufg_I_O)         0.026     0.932 r  clk_IBUF_BUFG_inst/O
                         net (fo=1105, routed)        0.585     1.516    clk_IBUF_BUFG
    SLICE_X107Y161       FDCE                                         r  state_reg[0]/C
  -------------------------------------------------------------------    -------------------
    SLICE_X107Y161       FDCE (Prop_fdce_C_Q)         0.141     1.657 r  state_reg[0]/Q
                         net (fo=84, routed)          0.133     1.790    state[0]
    SLICE_X106Y161       LUT5 (Prop_lut5_I0_O)        0.045     1.835 r  acc_r[1]_i_1/O
                         net (fo=1, routed)           0.000     1.835    p_1_in[1]
    SLICE_X106Y161       FDCE                                         r  acc_r_reg[1]/D
  -------------------------------------------------------------------    -------------------

                         (clock clk rise edge)        0.000     0.000 r  
    Y4                                                0.000     0.000 r  clk (IN)
                         net (fo=0)                   0.000     0.000    clk
    Y4                   IBUF (Prop_ibuf_I_O)         0.419     0.419 r  clk_IBUF_inst/O
                         net (fo=1, routed)           0.734     1.152    clk_IBUF
    BUFGCTRL_X0Y0        BUFG (Prop_bufg_I_O)         0.029     1.181 r  clk_IBUF_BUFG_inst/O
                         net (fo=1105, routed)        0.855     2.037    clk_IBUF_BUFG
    SLICE_X106Y161       FDCE                                         r  acc_r_reg[1]/C
                         clock pessimism             -0.508     1.529    
    SLICE_X106Y161       FDCE (Hold_fdce_C_D)         0.092     1.621    acc_r_reg[1]
  -------------------------------------------------------------------
                         required time                         -1.621    
                         arrival time                           1.835    
  -------------------------------------------------------------------
                         slack                                  0.214    





Pulse Width Checks
--------------------------------------------------------------------------------------
Clock Name:         clk
Waveform(ns):       { 0.000 5.000 }
Period(ns):         10.000
Sources:            { clk }

Check Type        Corner  Lib Pin  Reference Pin  Required(ns)  Actual(ns)  Slack(ns)  Location        Pin
Min Period        n/a     BUFG/I   n/a            1.592         10.000      8.408      BUFGCTRL_X0Y0   clk_IBUF_BUFG_inst/I
Low Pulse Width   Slow    FDCE/C   n/a            0.500         5.000       4.500      SLICE_X90Y150   rdata_q_reg[16]/C
High Pulse Width  Fast    FDCE/C   n/a            0.500         5.000       4.500      SLICE_X106Y157  done_q_reg/C



