Copyright 1986-2018 Xilinx, Inc. All Rights Reserved.
--------------------------------------------------------------------------------------------------------------------------------------------------
| Tool Version : Vivado v.2018.2.2 (win64) Build 2348494 Mon Oct  1 18:25:44 MDT 2018
| Date         : Tue Jul 21 21:18:56 2026
| Host         : han running 64-bit major release  (build 9200)
| Command      : report_timing_summary -file {C:\Users\12430\Desktop\ai_verilog_auto_tools\outputs\async_fifo\vivado_synth\vivado_out/timing.rpt}
| Design       : async_fifo
| Device       : 7a200t-fbg484
| Speed File   : -2L  PRODUCTION 1.23 2018-06-13
--------------------------------------------------------------------------------------------------------------------------------------------------

Timing Summary Report

------------------------------------------------------------------------------------------------
| Timer Settings
| --------------
------------------------------------------------------------------------------------------------

  Enable Multi Corner Analysis               :  Yes
  Enable Pessimism Removal                   :  Yes
  Pessimism Removal Resolution               :  Nearest Common Node
  Enable Input Delay Default Clock           :  No
  Enable Preset / Clear Arcs                 :  No
  Disable Flight Delays                      :  No
  Ignore I/O Paths                           :  No
  Timing Early Launch at Borrowing Latches   :  false

  Corner  Analyze    Analyze    
  Name    Max Paths  Min Paths  
  ------  ---------  ---------  
  Slow    Yes        Yes        
  Fast    Yes        Yes        



check_timing report

Table of Contents
-----------------
1. checking no_clock
2. checking constant_clock
3. checking pulse_width_clock
4. checking unconstrained_internal_endpoints
5. checking no_input_delay
6. checking no_output_delay
7. checking multiple_clock
8. checking generated_clocks
9. checking loops
10. checking partial_input_delay
11. checking partial_output_delay
12. checking latch_loops

1. checking no_clock
--------------------
 There are 0 register/latch pins with no clock.


2. checking constant_clock
--------------------------
 There are 0 register/latch pins with constant_clock.


3. checking pulse_width_clock
-----------------------------
 There are 0 register/latch pins which need pulse_width check


4. checking unconstrained_internal_endpoints
--------------------------------------------
 There are 0 pins that are not constrained for maximum delay.

 There are 0 pins that are not constrained for maximum delay due to constant clock.


5. checking no_input_delay
--------------------------
 There are 20 input ports with no input delay specified. (HIGH)

 There are 0 input ports with no input delay but user has a false path constraint.


6. checking no_output_delay
---------------------------
 There are 18 ports with no output delay specified. (HIGH)

 There are 0 ports with no output delay but user has a false path constraint

 There are 0 ports with no output delay but with a timing clock defined on it or propagating through it


7. checking multiple_clock
--------------------------
 There are 0 register/latch pins with multiple clocks.


8. checking generated_clocks
----------------------------
 There are 0 generated clocks that are not connected to a clock source.


9. checking loops
-----------------
 There are 0 combinational loops in the design.


10. checking partial_input_delay
--------------------------------
 There are 0 input ports with partial input delay specified.


11. checking partial_output_delay
---------------------------------
 There are 0 ports with partial output delay specified.


12. checking latch_loops
------------------------
 There are 0 combinational latch loops in the design through latch input



------------------------------------------------------------------------------------------------
| Design Timing Summary
| ---------------------
------------------------------------------------------------------------------------------------

    WNS(ns)      TNS(ns)  TNS Failing Endpoints  TNS Total Endpoints      WHS(ns)      THS(ns)  THS Failing Endpoints  THS Total Endpoints     WPWS(ns)     TPWS(ns)  TPWS Failing Endpoints  TPWS Total Endpoints  
    -------      -------  ---------------------  -------------------      -------      -------  ---------------------  -------------------     --------     --------  ----------------------  --------------------  
      5.760        0.000                      0                  196        0.123        0.000                      0                  196        4.500        0.000                       0                   176  


All user specified timing constraints are met.


------------------------------------------------------------------------------------------------
| Clock Summary
| -------------
------------------------------------------------------------------------------------------------

Clock  Waveform(ns)       Period(ns)      Frequency(MHz)
-----  ------------       ----------      --------------
rclk   {0.000 6.000}      12.000          83.333          
wclk   {0.000 5.000}      10.000          100.000         


------------------------------------------------------------------------------------------------
| Intra Clock Table
| -----------------
------------------------------------------------------------------------------------------------

Clock             WNS(ns)      TNS(ns)  TNS Failing Endpoints  TNS Total Endpoints      WHS(ns)      THS(ns)  THS Failing Endpoints  THS Total Endpoints     WPWS(ns)     TPWS(ns)  TPWS Failing Endpoints  TPWS Total Endpoints  
-----             -------      -------  ---------------------  -------------------      -------      -------  ---------------------  -------------------     --------     --------  ----------------------  --------------------  
rclk                9.086        0.000                      0                   50        0.213        0.000                      0                   50        5.500        0.000                       0                    32  
wclk                5.760        0.000                      0                  146        0.123        0.000                      0                  146        4.500        0.000                       0                   144  


------------------------------------------------------------------------------------------------
| Inter Clock Table
| -----------------
------------------------------------------------------------------------------------------------

From Clock    To Clock          WNS(ns)      TNS(ns)  TNS Failing Endpoints  TNS Total Endpoints      WHS(ns)      THS(ns)  THS Failing Endpoints  THS Total Endpoints  
----------    --------          -------      -------  ---------------------  -------------------      -------      -------  ---------------------  -------------------  


------------------------------------------------------------------------------------------------
| Other Path Groups Table
| -----------------------
------------------------------------------------------------------------------------------------

Path Group    From Clock    To Clock          WNS(ns)      TNS(ns)  TNS Failing Endpoints  TNS Total Endpoints      WHS(ns)      THS(ns)  THS Failing Endpoints  THS Total Endpoints  
----------    ----------    --------          -------      -------  ---------------------  -------------------      -------      -------  ---------------------  -------------------  


------------------------------------------------------------------------------------------------
| Timing Details
| --------------
------------------------------------------------------------------------------------------------


---------------------------------------------------------------------------------------------------
From Clock:  rclk
  To Clock:  rclk

Setup :            0  Failing Endpoints,  Worst Slack        9.086ns,  Total Violation        0.000ns
Hold  :            0  Failing Endpoints,  Worst Slack        0.213ns,  Total Violation        0.000ns
PW    :            0  Failing Endpoints,  Worst Slack        5.500ns,  Total Violation        0.000ns
---------------------------------------------------------------------------------------------------


Max Delay Paths
--------------------------------------------------------------------------------------
Slack (MET) :             9.086ns  (required time - arrival time)
  Source:                 wptr_sync2_reg[0]/C
                            (rising edge-triggered cell FDCE clocked by rclk  {rise@0.000ns fall@6.000ns period=12.000ns})
  Destination:            dout_reg_reg[5]/CE
                            (rising edge-triggered cell FDCE clocked by rclk  {rise@0.000ns fall@6.000ns period=12.000ns})
  Path Group:             rclk
  Path Type:              Setup (Max at Slow Process Corner)
  Requirement:            12.000ns  (rclk rise@12.000ns - rclk rise@0.000ns)
  Data Path Delay:        2.770ns  (logic 0.643ns (23.210%)  route 2.127ns (76.790%))
  Logic Levels:           2  (LUT4=1 LUT6=1)
  Clock Path Skew:        0.028ns (DCD - SCD + CPR)
    Destination Clock Delay (DCD):    4.056ns = ( 16.056 - 12.000 ) 
    Source Clock Delay      (SCD):    4.321ns
    Clock Pessimism Removal (CPR):    0.294ns
  Clock Uncertainty:      0.035ns  ((TSJ^2 + TIJ^2)^1/2 + DJ) / 2 + PE
    Total System Jitter     (TSJ):    0.071ns
    Total Input Jitter      (TIJ):    0.000ns
    Discrete Jitter          (DJ):    0.000ns
    Phase Error              (PE):    0.000ns

    Location             Delay type                Incr(ns)  Path(ns)    Netlist Resource(s)
  -------------------------------------------------------------------    -------------------
                         (clock rclk rise edge)       0.000     0.000 r  
    U20                                               0.000     0.000 r  rclk (IN)
                         net (fo=0)                   0.000     0.000    rclk
    U20                  IBUF (Prop_ibuf_I_O)         0.925     0.925 r  rclk_IBUF_inst/O
                         net (fo=1, routed)           1.827     2.752    rclk_IBUF
    BUFGCTRL_X0Y1        BUFG (Prop_bufg_I_O)         0.081     2.833 r  rclk_IBUF_BUFG_inst/O
                         net (fo=31, routed)          1.489     4.321    rclk_IBUF_BUFG
    SLICE_X8Y119         FDCE                                         r  wptr_sync2_reg[0]/C
  -------------------------------------------------------------------    -------------------
    SLICE_X8Y119         FDCE (Prop_fdce_C_Q)         0.433     4.754 r  wptr_sync2_reg[0]/Q
                         net (fo=1, routed)           0.853     5.607    wptr_sync2[0]
    SLICE_X5Y119         LUT6 (Prop_lut6_I0_O)        0.105     5.712 f  empty_OBUF_inst_i_2/O
                         net (fo=2, routed)           0.575     6.287    empty_OBUF_inst_i_2_n_0
    SLICE_X4Y119         LUT4 (Prop_lut4_I1_O)        0.105     6.392 r  rptr_gray[2]_i_1/O
                         net (fo=23, routed)          0.700     7.092    rptr_bin0
    SLICE_X2Y120         FDCE                                         r  dout_reg_reg[5]/CE
  -------------------------------------------------------------------    -------------------

                         (clock rclk rise edge)      12.000    12.000 r  
    U20                                               0.000    12.000 r  rclk (IN)
                         net (fo=0)                   0.000    12.000    rclk
    U20                  IBUF (Prop_ibuf_I_O)         0.794    12.794 r  rclk_IBUF_inst/O
                         net (fo=1, routed)           1.734    14.528    rclk_IBUF
    BUFGCTRL_X0Y1        BUFG (Prop_bufg_I_O)         0.077    14.605 r  rclk_IBUF_BUFG_inst/O
                         net (fo=31, routed)          1.451    16.056    rclk_IBUF_BUFG
    SLICE_X2Y120         FDCE                                         r  dout_reg_reg[5]/C
                         clock pessimism              0.294    16.349    
                         clock uncertainty           -0.035    16.314    
    SLICE_X2Y120         FDCE (Setup_fdce_C_CE)      -0.136    16.178    dout_reg_reg[5]
  -------------------------------------------------------------------
                         required time                         16.178    
                         arrival time                          -7.092    
  -------------------------------------------------------------------
                         slack                                  9.086    





Min Delay Paths
--------------------------------------------------------------------------------------
Slack (MET) :             0.213ns  (arrival time - required time)
  Source:                 wptr_sync1_reg[1]/C
                            (rising edge-triggered cell FDCE clocked by rclk  {rise@0.000ns fall@6.000ns period=12.000ns})
  Destination:            wptr_sync2_reg[1]/D
                            (rising edge-triggered cell FDCE clocked by rclk  {rise@0.000ns fall@6.000ns period=12.000ns})
  Path Group:             rclk
  Path Type:              Hold (Min at Fast Process Corner)
  Requirement:            0.000ns  (rclk rise@0.000ns - rclk rise@0.000ns)
  Data Path Delay:        0.294ns  (logic 0.141ns (47.912%)  route 0.153ns (52.088%))
  Logic Levels:           0  
  Clock Path Skew:        0.015ns (DCD - SCD - CPR)
    Destination Clock Delay (DCD):    2.107ns
    Source Clock Delay      (SCD):    1.582ns
    Clock Pessimism Removal (CPR):    0.510ns

    Location             Delay type                Incr(ns)  Path(ns)    Netlist Resource(s)
  -------------------------------------------------------------------    -------------------
                         (clock rclk rise edge)       0.000     0.000 r  
    U20                                               0.000     0.000 r  rclk (IN)
                         net (fo=0)                   0.000     0.000    rclk
    U20                  IBUF (Prop_ibuf_I_O)         0.221     0.221 r  rclk_IBUF_inst/O
                         net (fo=1, routed)           0.690     0.912    rclk_IBUF
    BUFGCTRL_X0Y1        BUFG (Prop_bufg_I_O)         0.026     0.938 r  rclk_IBUF_BUFG_inst/O
                         net (fo=31, routed)          0.645     1.582    rclk_IBUF_BUFG
    SLICE_X5Y120         FDCE                                         r  wptr_sync1_reg[1]/C
  -------------------------------------------------------------------    -------------------
    SLICE_X5Y120         FDCE (Prop_fdce_C_Q)         0.141     1.723 r  wptr_sync1_reg[1]/Q
                         net (fo=1, routed)           0.153     1.876    wptr_sync1[1]
    SLICE_X7Y119         FDCE                                         r  wptr_sync2_reg[1]/D
  -------------------------------------------------------------------    -------------------

                         (clock rclk rise edge)       0.000     0.000 r  
    U20                                               0.000     0.000 r  rclk (IN)
                         net (fo=0)                   0.000     0.000    rclk
    U20                  IBUF (Prop_ibuf_I_O)         0.411     0.411 r  rclk_IBUF_inst/O
                         net (fo=1, routed)           0.750     1.160    rclk_IBUF
    BUFGCTRL_X0Y1        BUFG (Prop_bufg_I_O)         0.029     1.189 r  rclk_IBUF_BUFG_inst/O
                         net (fo=31, routed)          0.918     2.107    rclk_IBUF_BUFG
    SLICE_X7Y119         FDCE                                         r  wptr_sync2_reg[1]/C
                         clock pessimism             -0.510     1.597    
    SLICE_X7Y119         FDCE (Hold_fdce_C_D)         0.066     1.663    wptr_sync2_reg[1]
  -------------------------------------------------------------------
                         required time                         -1.663    
                         arrival time                           1.876    
  -------------------------------------------------------------------
                         slack                                  0.213    





Pulse Width Checks
--------------------------------------------------------------------------------------
Clock Name:         rclk
Waveform(ns):       { 0.000 6.000 }
Period(ns):         12.000
Sources:            { rclk }

Check Type        Corner  Lib Pin  Reference Pin  Required(ns)  Actual(ns)  Slack(ns)  Location       Pin
Min Period        n/a     BUFG/I   n/a            1.592         12.000      10.408     BUFGCTRL_X0Y1  rclk_IBUF_BUFG_inst/I
Low Pulse Width   Slow    FDCE/C   n/a            0.500         6.000       5.500      SLICE_X4Y121   wptr_sync1_reg[2]/C
High Pulse Width  Fast    FDCE/C   n/a            0.500         6.000       5.500      SLICE_X5Y117   dout_reg_reg[0]/C



---------------------------------------------------------------------------------------------------
From Clock:  wclk
  To Clock:  wclk

Setup :            0  Failing Endpoints,  Worst Slack        5.760ns,  Total Violation        0.000ns
Hold  :            0  Failing Endpoints,  Worst Slack        0.123ns,  Total Violation        0.000ns
PW    :            0  Failing Endpoints,  Worst Slack        4.500ns,  Total Violation        0.000ns
---------------------------------------------------------------------------------------------------


Max Delay Paths
--------------------------------------------------------------------------------------
Slack (MET) :             5.760ns  (required time - arrival time)
  Source:                 rptr_sync2_reg[1]/C
                            (rising edge-triggered cell FDCE clocked by wclk  {rise@0.000ns fall@5.000ns period=10.000ns})
  Destination:            mem_reg[5][13]/CE
                            (rising edge-triggered cell FDRE clocked by wclk  {rise@0.000ns fall@5.000ns period=10.000ns})
  Path Group:             wclk
  Path Type:              Setup (Max at Slow Process Corner)
  Requirement:            10.000ns  (wclk rise@10.000ns - wclk rise@0.000ns)
  Data Path Delay:        4.047ns  (logic 0.867ns (21.421%)  route 3.180ns (78.579%))
  Logic Levels:           2  (LUT5=1 LUT6=1)
  Clock Path Skew:        -0.021ns (DCD - SCD + CPR)
    Destination Clock Delay (DCD):    4.054ns = ( 14.054 - 10.000 ) 
    Source Clock Delay      (SCD):    4.384ns
    Clock Pessimism Removal (CPR):    0.309ns
  Clock Uncertainty:      0.035ns  ((TSJ^2 + TIJ^2)^1/2 + DJ) / 2 + PE
    Total System Jitter     (TSJ):    0.071ns
    Total Input Jitter      (TIJ):    0.000ns
    Discrete Jitter          (DJ):    0.000ns
    Phase Error              (PE):    0.000ns

    Location             Delay type                Incr(ns)  Path(ns)    Netlist Resource(s)
  -------------------------------------------------------------------    -------------------
                         (clock wclk rise edge)       0.000     0.000 r  
    V18                                               0.000     0.000 r  wclk (IN)
                         net (fo=0)                   0.000     0.000    wclk
    V18                  IBUF (Prop_ibuf_I_O)         0.922     0.922 r  wclk_IBUF_inst/O
                         net (fo=1, routed)           1.827     2.749    wclk_IBUF
    BUFGCTRL_X0Y0        BUFG (Prop_bufg_I_O)         0.081     2.830 r  wclk_IBUF_BUFG_inst/O
                         net (fo=143, routed)         1.554     4.384    wclk_IBUF_BUFG
    SLICE_X4Y120         FDCE                                         r  rptr_sync2_reg[1]/C
  -------------------------------------------------------------------    -------------------
    SLICE_X4Y120         FDCE (Prop_fdce_C_Q)         0.348     4.732 r  rptr_sync2_reg[1]/Q
                         net (fo=2, routed)           0.663     5.395    rptr_sync2_reg_n_0_[1]
    SLICE_X4Y121         LUT5 (Prop_lut5_I0_O)        0.252     5.647 f  wptr_gray[2]_i_4/O
                         net (fo=9, routed)           1.007     6.654    wptr_gray[2]_i_4_n_0
    SLICE_X5Y120         LUT6 (Prop_lut6_I5_O)        0.267     6.921 r  mem[5][15]_i_1/O
                         net (fo=16, routed)          1.510     8.431    mem[5][15]_i_1_n_0
    SLICE_X6Y116         FDRE                                         r  mem_reg[5][13]/CE
  -------------------------------------------------------------------    -------------------

                         (clock wclk rise edge)      10.000    10.000 r  
    V18                                               0.000    10.000 r  wclk (IN)
                         net (fo=0)                   0.000    10.000    wclk
    V18                  IBUF (Prop_ibuf_I_O)         0.791    10.791 r  wclk_IBUF_inst/O
                         net (fo=1, routed)           1.734    12.525    wclk_IBUF
    BUFGCTRL_X0Y0        BUFG (Prop_bufg_I_O)         0.077    12.602 r  wclk_IBUF_BUFG_inst/O
                         net (fo=143, routed)         1.452    14.054    wclk_IBUF_BUFG
    SLICE_X6Y116         FDRE                                         r  mem_reg[5][13]/C
                         clock pessimism              0.309    14.363    
                         clock uncertainty           -0.035    14.328    
    SLICE_X6Y116         FDRE (Setup_fdre_C_CE)      -0.136    14.192    mem_reg[5][13]
  -------------------------------------------------------------------
                         required time                         14.192    
                         arrival time                          -8.431    
  -------------------------------------------------------------------
                         slack                                  5.760    





Min Delay Paths
--------------------------------------------------------------------------------------
Slack (MET) :             0.123ns  (arrival time - required time)
  Source:                 rptr_sync1_reg[3]/C
                            (rising edge-triggered cell FDCE clocked by wclk  {rise@0.000ns fall@5.000ns period=10.000ns})
  Destination:            rptr_sync2_reg[3]/D
                            (rising edge-triggered cell FDCE clocked by wclk  {rise@0.000ns fall@5.000ns period=10.000ns})
  Path Group:             wclk
  Path Type:              Hold (Min at Fast Process Corner)
  Requirement:            0.000ns  (wclk rise@0.000ns - wclk rise@0.000ns)
  Data Path Delay:        0.199ns  (logic 0.141ns (70.848%)  route 0.058ns (29.152%))
  Logic Levels:           0  
  Clock Path Skew:        0.000ns (DCD - SCD - CPR)
    Destination Clock Delay (DCD):    2.103ns
    Source Clock Delay      (SCD):    1.580ns
    Clock Pessimism Removal (CPR):    0.524ns

    Location             Delay type                Incr(ns)  Path(ns)    Netlist Resource(s)
  -------------------------------------------------------------------    -------------------
                         (clock wclk rise edge)       0.000     0.000 r  
    V18                                               0.000     0.000 r  wclk (IN)
                         net (fo=0)                   0.000     0.000    wclk
    V18                  IBUF (Prop_ibuf_I_O)         0.219     0.219 r  wclk_IBUF_inst/O
                         net (fo=1, routed)           0.690     0.909    wclk_IBUF
    BUFGCTRL_X0Y0        BUFG (Prop_bufg_I_O)         0.026     0.935 r  wclk_IBUF_BUFG_inst/O
                         net (fo=143, routed)         0.645     1.580    wclk_IBUF_BUFG
    SLICE_X4Y120         FDCE                                         r  rptr_sync1_reg[3]/C
  -------------------------------------------------------------------    -------------------
    SLICE_X4Y120         FDCE (Prop_fdce_C_Q)         0.141     1.721 r  rptr_sync1_reg[3]/Q
                         net (fo=1, routed)           0.058     1.779    rptr_sync1[3]
    SLICE_X4Y120         FDCE                                         r  rptr_sync2_reg[3]/D
  -------------------------------------------------------------------    -------------------

                         (clock wclk rise edge)       0.000     0.000 r  
    V18                                               0.000     0.000 r  wclk (IN)
                         net (fo=0)                   0.000     0.000    wclk
    V18                  IBUF (Prop_ibuf_I_O)         0.408     0.408 r  wclk_IBUF_inst/O
                         net (fo=1, routed)           0.750     1.158    wclk_IBUF
    BUFGCTRL_X0Y0        BUFG (Prop_bufg_I_O)         0.029     1.187 r  wclk_IBUF_BUFG_inst/O
                         net (fo=143, routed)         0.917     2.103    wclk_IBUF_BUFG
    SLICE_X4Y120         FDCE                                         r  rptr_sync2_reg[3]/C
                         clock pessimism             -0.524     1.580    
    SLICE_X4Y120         FDCE (Hold_fdce_C_D)         0.076     1.656    rptr_sync2_reg[3]
  -------------------------------------------------------------------
                         required time                         -1.656    
                         arrival time                           1.779    
  -------------------------------------------------------------------
                         slack                                  0.123    





Pulse Width Checks
--------------------------------------------------------------------------------------
Clock Name:         wclk
Waveform(ns):       { 0.000 5.000 }
Period(ns):         10.000
Sources:            { wclk }

Check Type        Corner  Lib Pin  Reference Pin  Required(ns)  Actual(ns)  Slack(ns)  Location       Pin
Min Period        n/a     BUFG/I   n/a            1.592         10.000      8.408      BUFGCTRL_X0Y0  wclk_IBUF_BUFG_inst/I
Low Pulse Width   Slow    FDRE/C   n/a            0.500         5.000       4.500      SLICE_X0Y115   mem_reg[0][10]/C
High Pulse Width  Fast    FDRE/C   n/a            0.500         5.000       4.500      SLICE_X0Y118   mem_reg[0][14]/C



