Copyright 1986-2018 Xilinx, Inc. All Rights Reserved.
---------------------------------------------------------------------------------------
| Tool Version : Vivado v.2018.2.2 (win64) Build 2348494 Mon Oct  1 18:25:44 MDT 2018
| Date         : Tue Jul 21 21:15:10 2026
| Host         : han running 64-bit major release  (build 9200)
| Command      : report_control_sets -verbose -file async_fifo_control_sets_placed.rpt
| Design       : async_fifo
| Device       : xc7a200t
---------------------------------------------------------------------------------------

Control Set Information

Table of Contents
-----------------
1. Summary
2. Histogram
3. Flip-Flop Distribution
4. Detailed Control Set Information

1. Summary
----------

+----------------------------------------------------------+-------+
|                          Status                          | Count |
+----------------------------------------------------------+-------+
| Number of unique control sets                            |    12 |
| Unused register locations in slices containing registers |     4 |
+----------------------------------------------------------+-------+


2. Histogram
------------

+--------+--------------+
| Fanout | Control Sets |
+--------+--------------+
|     14 |            1 |
|    16+ |           11 |
+--------+--------------+


3. Flip-Flop Distribution
-------------------------

+--------------+-----------------------+------------------------+-----------------+--------------+
| Clock Enable | Synchronous Set/Reset | Asynchronous Set/Reset | Total Registers | Total Slices |
+--------------+-----------------------+------------------------+-----------------+--------------+
| No           | No                    | No                     |               0 |            0 |
| No           | No                    | Yes                    |              32 |            6 |
| No           | Yes                   | No                     |               0 |            0 |
| Yes          | No                    | No                     |             256 |           36 |
| Yes          | No                    | Yes                    |              60 |           13 |
| Yes          | Yes                   | No                     |               0 |            0 |
+--------------+-----------------------+------------------------+-----------------+--------------+


4. Detailed Control Set Information
-----------------------------------

+-----------------+--------------------+----------------------+------------------+----------------+
|   Clock Signal  |    Enable Signal   |   Set/Reset Signal   | Slice Load Count | Bel Load Count |
+-----------------+--------------------+----------------------+------------------+----------------+
|  wclk_IBUF_BUFG | wptr_bin0          | wptr_gray[2]_i_3_n_0 |                2 |             14 |
|  rclk_IBUF_BUFG |                    | rptr_gray[2]_i_3_n_0 |                4 |             16 |
|  wclk_IBUF_BUFG |                    | wptr_gray[2]_i_3_n_0 |                2 |             16 |
|  wclk_IBUF_BUFG | mem[2][15]_i_1_n_0 |                      |                5 |             32 |
|  wclk_IBUF_BUFG | mem[3][15]_i_1_n_0 |                      |                4 |             32 |
|  wclk_IBUF_BUFG | mem[5][15]_i_1_n_0 |                      |                5 |             32 |
|  wclk_IBUF_BUFG | mem[6][15]_i_1_n_0 |                      |                3 |             32 |
|  wclk_IBUF_BUFG | mem[1][15]_i_1_n_0 |                      |                6 |             32 |
|  wclk_IBUF_BUFG | mem[0][15]_i_1_n_0 |                      |                5 |             32 |
|  wclk_IBUF_BUFG | mem[4][15]_i_1_n_0 |                      |                4 |             32 |
|  wclk_IBUF_BUFG | mem[7][15]_i_1_n_0 |                      |                4 |             32 |
|  rclk_IBUF_BUFG | rptr_bin0          | rptr_gray[2]_i_3_n_0 |               11 |             46 |
+-----------------+--------------------+----------------------+------------------+----------------+


